2023-06-20 09:30:52,021 - Main Function - INFO : ------------get_current_username function-----------
2023-06-20 09:30:52,021 - Main Function - INFO : ------------get_current_username function-----------
2023-06-20 09:30:52,021 - Main Function - DEBUG : input username:123
2023-06-20 09:30:52,021 - Main Function - DEBUG : input username:123
2023-06-20 09:30:52,021 - Main Function - DEBUG : input password:12
2023-06-20 09:30:52,021 - Main Function - DEBUG : input password:12
2023-06-20 09:30:52,021 - Main Function - DEBUG : output(credential.username):123

2023-06-20 09:30:52,021 - Main Function - DEBUG : output(credential.username):123

2023-06-20 09:30:52,021 - Main Function - INFO : ------------Open Web-----------

2023-06-20 09:30:52,021 - Main Function - INFO : ------------Open Web-----------

2023-06-20 02:32:47,757 - Main Function - INFO : ------------get_current_username function-----------
2023-06-20 02:32:47,759 - Main Function - DEBUG : input username:123
2023-06-20 02:32:47,760 - Main Function - DEBUG : input password:12
2023-06-20 02:32:47,761 - Main Function - DEBUG : output(credential.username):123

2023-06-20 02:32:47,762 - Main Function - INFO : ------------Open Web-----------

2023-06-20 02:32:54,040 - Main Function - INFO : ------------get_current_username function-----------
2023-06-20 02:32:54,041 - Main Function - DEBUG : input username:123
2023-06-20 02:32:54,042 - Main Function - DEBUG : input password:12
2023-06-20 02:32:54,043 - Main Function - DEBUG : output(credential.username):123

2023-06-20 02:32:54,043 - Main Function - INFO : ------------Open Web-----------

2023-06-20 02:33:10,609 - Main Function - INFO : ------------get_current_username function-----------
2023-06-20 02:33:10,610 - Main Function - DEBUG : input username:123
2023-06-20 02:33:10,612 - Main Function - DEBUG : input password:123
2023-06-20 02:33:10,613 - Main Function - DEBUG : output(credential.username):123

2023-06-20 02:33:10,614 - Main Function - INFO : ------------Open Web-----------

2023-06-20 10:41:12,141 - Main Function - INFO : ------------get_current_username function-----------
2023-06-20 10:41:12,141 - Main Function - DEBUG : input username:123
2023-06-20 10:41:12,141 - Main Function - DEBUG : input password:123
2023-06-20 10:41:12,141 - Main Function - DEBUG : output(credential.username):123

2023-06-20 10:41:12,141 - Main Function - INFO : ------------Open Web-----------

2023-06-20 03:39:03,252 - Main Function - INFO : ------------get_current_username function-----------
2023-06-20 03:39:03,252 - Main Function - DEBUG : input username:123
2023-06-20 03:39:03,252 - Main Function - DEBUG : input password:123
2023-06-20 03:39:03,252 - Main Function - DEBUG : output(credential.username):123

2023-06-20 03:39:03,253 - Main Function - INFO : ------------Open Web-----------

