2023-08-15 07:46:16 | FastAPI | INFO : ------------Open Web-----------
 (Main Function)
2023-08-15 07:46:30 | FastAPI | INFO : --------------do function----------- (Main Function)
2023-08-15 07:46:30 | FastAPI | DEBUG : output = Hello, Welcome to my FastAPI
 (Main Function)
2023-08-15 07:51:26 | FastAPI | INFO : ---------txt_to_csv_all Function--------- (File Function Logs)
2023-08-15 07:51:26 | FastAPI | DEBUG : No data exist (File Function Logs)
2023-08-15 07:52:50 | FastAPI | INFO : ------------Open Web-----------
 (Main Function)
2023-08-15 07:58:42 | FastAPI | DEBUG : read data (Chart Function Logs)
2023-08-15 07:58:51 | FastAPI | DEBUG : read data (Chart Function Logs)
2023-08-15 08:00:32 | FastAPI | INFO : ------------Open Web-----------
 (Main Function)
2023-08-15 08:00:36 | FastAPI | DEBUG : read data (Chart Function Logs)
2023-08-15 08:00:39 | FastAPI | DEBUG : read data (Chart Function Logs)
2023-08-15 08:00:40 | FastAPI | INFO : ------------Open Web-----------
 (Main Function)
2023-08-15 08:00:45 | FastAPI | DEBUG : read data (Chart Function Logs)
2023-08-15 08:01:18 | FastAPI | INFO : ------------Open Web-----------
 (Main Function)
2023-08-15 08:01:22 | FastAPI | DEBUG : read data (Chart Function Logs)
2023-08-15 08:01:41 | FastAPI | INFO : ------------Open Web-----------
 (Main Function)
2023-08-15 08:01:44 | FastAPI | DEBUG : read data (Chart Function Logs)
2023-08-15 08:02:17 | FastAPI | INFO : ------------Open Web-----------
 (Main Function)
2023-08-15 08:02:21 | FastAPI | DEBUG : read data (Chart Function Logs)
2023-08-15 08:02:49 | FastAPI | INFO : ------------Open Web-----------
 (Main Function)
2023-08-15 08:02:52 | FastAPI | DEBUG : read data (Chart Function Logs)
2023-08-15 08:03:05 | FastAPI | INFO : ------------Open Web-----------
 (Main Function)
2023-08-15 08:03:08 | FastAPI | DEBUG : read data (Chart Function Logs)
2023-08-15 08:07:10 | FastAPI | DEBUG : read data (Chart Function Logs)
2023-08-15 08:07:20 | FastAPI | INFO : ---------txt_to_csv_all Function--------- (File Function Logs)
2023-08-15 08:07:20 | FastAPI | DEBUG : No data exist (File Function Logs)
2023-08-15 08:15:12 | FastAPI | DEBUG : read data (Chart Function Logs)
2023-08-15 08:15:47 | FastAPI | INFO : ---------txt_to_csv_all Function--------- (File Function Logs)
2023-08-15 08:15:47 | FastAPI | DEBUG : No data exist (File Function Logs)
2023-08-15 08:35:44 | FastAPI | INFO : ---------txt_to_csv_all Function--------- (File Function Logs)
2023-08-15 08:35:44 | FastAPI | DEBUG : No data exist (File Function Logs)
2023-08-15 08:35:51 | FastAPI | DEBUG : read data (Chart Function Logs)
