2023-07-11 05:28:31,549 - Main Function - INFO : ------------get_current_username function-----------
2023-07-11 05:28:31,549 - Main Function - DEBUG : input username:123
2023-07-11 05:28:31,549 - Main Function - DEBUG : input password:123
2023-07-11 05:28:31,549 - Main Function - DEBUG : output(credential.username):123

2023-07-11 05:28:31,549 - Main Function - INFO : ------------Open Web-----------

2023-07-11 05:28:43,710 - Chart Function Logs - INFO : ----------------plot function-------------
2023-07-11 05:28:43,710 - Chart Function Logs - DEBUG : input = <starlette.datastructures.UploadFile object at 0x7f57c5293c40> date  = 20230711
2023-07-11 05:32:55,339 - Main Function - INFO : ------------get_current_username function-----------
2023-07-11 05:32:55,339 - Main Function - DEBUG : input username:123
2023-07-11 05:32:55,340 - Main Function - DEBUG : input password:123
2023-07-11 05:32:55,340 - Main Function - DEBUG : output(credential.username):123

2023-07-11 05:32:55,340 - Main Function - INFO : ------------Open Web-----------

2023-07-11 05:33:08,939 - Chart Function Logs - INFO : ----------------plot function-------------
2023-07-11 05:33:08,940 - Chart Function Logs - DEBUG : input = <starlette.datastructures.UploadFile object at 0x7f9c7d70bd00> date  = 20230711
2023-07-11 05:34:23,879 - Chart Function Logs - INFO : ----------------plot function-------------
2023-07-11 05:34:23,879 - Chart Function Logs - DEBUG : input = <starlette.datastructures.UploadFile object at 0x7f717a2e17b0> date  = 20230711
2023-07-11 05:34:25,272 - Main Function - INFO : ------------get_current_username function-----------
2023-07-11 05:34:25,272 - Main Function - DEBUG : input username:123
2023-07-11 05:34:25,272 - Main Function - DEBUG : input password:123
2023-07-11 05:34:25,272 - Main Function - DEBUG : output(credential.username):123

2023-07-11 05:34:25,272 - Main Function - INFO : ------------Open Web-----------

2023-07-11 05:34:35,566 - Chart Function Logs - INFO : ----------------plot function-------------
2023-07-11 05:34:35,566 - Chart Function Logs - DEBUG : input = <starlette.datastructures.UploadFile object at 0x7f717a120be0> date  = 20230711
2023-07-11 05:38:59,383 - Main Function - INFO : ------------get_current_username function-----------
2023-07-11 05:38:59,383 - Main Function - DEBUG : input username:123
2023-07-11 05:38:59,383 - Main Function - DEBUG : input password:123
2023-07-11 05:38:59,384 - Main Function - DEBUG : output(credential.username):123

2023-07-11 05:38:59,384 - Main Function - INFO : ------------Open Web-----------

2023-07-11 05:41:26,108 - Main Function - INFO : ------------get_current_username function-----------
2023-07-11 05:41:26,108 - Main Function - DEBUG : input username:123
2023-07-11 05:41:26,108 - Main Function - DEBUG : input password:123
2023-07-11 05:41:26,108 - Main Function - DEBUG : output(credential.username):123

2023-07-11 05:41:26,108 - Main Function - INFO : ------------Open Web-----------

2023-07-11 05:41:38,374 - Chart Function Logs - INFO : ----------------plot function-------------
2023-07-11 05:41:38,374 - Chart Function Logs - DEBUG : input = <starlette.datastructures.UploadFile object at 0x7fccbf2702b0> date  = 20230711
2023-07-11 05:44:35,451 - Main Function - INFO : ------------get_current_username function-----------
2023-07-11 05:44:35,451 - Main Function - DEBUG : input username:123
2023-07-11 05:44:35,451 - Main Function - DEBUG : input password:123
2023-07-11 05:44:35,451 - Main Function - DEBUG : output(credential.username):123

2023-07-11 05:44:35,451 - Main Function - INFO : ------------Open Web-----------

2023-07-11 05:44:47,497 - Chart Function Logs - INFO : ----------------plot function-------------
2023-07-11 05:44:47,497 - Chart Function Logs - DEBUG : input = <starlette.datastructures.UploadFile object at 0x7f62c052ba60> date  = 20230711
2023-07-11 05:44:47,497 - Chart Function Logs - DEBUG : read data
2023-07-11 05:51:38,743 - Main Function - INFO : ------------get_current_username function-----------
2023-07-11 05:51:38,743 - Main Function - DEBUG : input username:123
2023-07-11 05:51:38,743 - Main Function - DEBUG : input password:123
2023-07-11 05:51:38,743 - Main Function - DEBUG : output(credential.username):123

2023-07-11 05:51:38,743 - Main Function - INFO : ------------Open Web-----------

2023-07-11 05:51:49,571 - Chart Function Logs - INFO : ----------------plot function-------------
2023-07-11 05:51:49,571 - Chart Function Logs - DEBUG : input = <starlette.datastructures.UploadFile object at 0x7f6e2b417f10> date  = 20230711
2023-07-11 05:51:49,571 - Chart Function Logs - DEBUG : read data
2023-07-11 05:51:51,225 - Chart Function Logs - DEBUG : read data
2023-07-11 05:51:51,229 - Chart Function Logs - DEBUG : figure size  = (12,8)
2023-07-11 05:51:51,229 - Chart Function Logs - DEBUG : get column size and column name
2023-07-11 05:51:51,238 - Chart Function Logs - DEBUG : Split data region start =1 end = 1439

2023-07-11 05:51:51,312 - Chart Function Logs - DEBUG : plot time
2023-07-11 05:51:51,335 - Chart Function Logs - DEBUG : plot kbmemfree
2023-07-11 05:51:51,355 - Chart Function Logs - DEBUG : plot kbmemused
2023-07-11 05:51:51,375 - Chart Function Logs - DEBUG : plot memused
2023-07-11 05:51:51,395 - Chart Function Logs - DEBUG : plot kbbuffers
2023-07-11 05:51:51,415 - Chart Function Logs - DEBUG : plot kbcached
2023-07-11 05:51:51,472 - Chart Function Logs - DEBUG : plot kbcommit
2023-07-11 05:51:51,493 - Chart Function Logs - DEBUG : plot commit
2023-07-11 05:51:51,513 - Chart Function Logs - DEBUG : plot kbactive
2023-07-11 05:51:51,533 - Chart Function Logs - DEBUG : plot kbinact
2023-07-11 05:51:52,422 - Chart Function Logs - DEBUG : output dir =/fastapi/application/log/usage
2023-07-11 05:51:52,422 - Chart Function Logs - DEBUG : save image =usage_20230711_1.png
2023-07-11 05:51:52,615 - Chart Function Logs - DEBUG : date update to 20230712
2023-07-11 05:51:52,623 - Chart Function Logs - DEBUG : Split data region start =1440 end = 2879

2023-07-11 05:51:52,697 - Chart Function Logs - DEBUG : plot time
2023-07-11 05:51:52,717 - Chart Function Logs - DEBUG : plot kbmemfree
2023-07-11 05:51:52,737 - Chart Function Logs - DEBUG : plot kbmemused
2023-07-11 05:51:52,757 - Chart Function Logs - DEBUG : plot memused
2023-07-11 05:51:52,777 - Chart Function Logs - DEBUG : plot kbbuffers
2023-07-11 05:51:52,797 - Chart Function Logs - DEBUG : plot kbcached
2023-07-11 05:51:52,817 - Chart Function Logs - DEBUG : plot kbcommit
2023-07-11 05:51:52,837 - Chart Function Logs - DEBUG : plot commit
2023-07-11 05:51:52,857 - Chart Function Logs - DEBUG : plot kbactive
2023-07-11 05:51:52,877 - Chart Function Logs - DEBUG : plot kbinact
2023-07-11 05:51:53,764 - Chart Function Logs - DEBUG : output dir =/fastapi/application/log/usage
2023-07-11 05:51:53,764 - Chart Function Logs - DEBUG : save image =usage_20230712_1.png
2023-07-11 05:51:53,957 - Chart Function Logs - DEBUG : date update to 20230713
2023-07-11 05:51:53,965 - Chart Function Logs - DEBUG : Split data region start =2880 end = 4319

2023-07-11 05:51:54,037 - Chart Function Logs - DEBUG : plot time
2023-07-11 05:51:54,057 - Chart Function Logs - DEBUG : plot kbmemfree
2023-07-11 05:51:54,077 - Chart Function Logs - DEBUG : plot kbmemused
2023-07-11 05:51:54,154 - Chart Function Logs - DEBUG : plot memused
2023-07-11 05:51:54,173 - Chart Function Logs - DEBUG : plot kbbuffers
2023-07-11 05:51:54,194 - Chart Function Logs - DEBUG : plot kbcached
2023-07-11 05:51:54,213 - Chart Function Logs - DEBUG : plot kbcommit
2023-07-11 05:51:54,233 - Chart Function Logs - DEBUG : plot commit
2023-07-11 05:51:54,253 - Chart Function Logs - DEBUG : plot kbactive
2023-07-11 05:51:54,273 - Chart Function Logs - DEBUG : plot kbinact
2023-07-11 05:51:55,164 - Chart Function Logs - DEBUG : output dir =/fastapi/application/log/usage
2023-07-11 05:51:55,164 - Chart Function Logs - DEBUG : save image =usage_20230713_1.png
2023-07-11 05:51:55,356 - Chart Function Logs - DEBUG : date update to 20230714
2023-07-11 05:51:55,364 - Chart Function Logs - DEBUG : Split data region start =4320 end = 5759

2023-07-11 05:51:55,437 - Chart Function Logs - DEBUG : plot time
2023-07-11 05:51:55,457 - Chart Function Logs - DEBUG : plot kbmemfree
2023-07-11 05:51:55,478 - Chart Function Logs - DEBUG : plot kbmemused
2023-07-11 05:51:55,497 - Chart Function Logs - DEBUG : plot memused
2023-07-11 05:51:55,517 - Chart Function Logs - DEBUG : plot kbbuffers
2023-07-11 05:51:55,537 - Chart Function Logs - DEBUG : plot kbcached
2023-07-11 05:51:55,557 - Chart Function Logs - DEBUG : plot kbcommit
2023-07-11 05:51:55,578 - Chart Function Logs - DEBUG : plot commit
2023-07-11 05:51:55,598 - Chart Function Logs - DEBUG : plot kbactive
2023-07-11 05:51:55,617 - Chart Function Logs - DEBUG : plot kbinact
2023-07-11 05:51:56,499 - Chart Function Logs - DEBUG : output dir =/fastapi/application/log/usage
2023-07-11 05:51:56,499 - Chart Function Logs - DEBUG : save image =usage_20230714_1.png
2023-07-11 05:51:56,743 - Chart Function Logs - DEBUG : date update to 20230715
2023-07-11 05:51:56,751 - Chart Function Logs - DEBUG : Split data region start =5760 end = 7199

2023-07-11 05:51:56,822 - Chart Function Logs - DEBUG : plot time
2023-07-11 05:51:56,842 - Chart Function Logs - DEBUG : plot kbmemfree
2023-07-11 05:51:56,862 - Chart Function Logs - DEBUG : plot kbmemused
2023-07-11 05:51:56,882 - Chart Function Logs - DEBUG : plot memused
2023-07-11 05:51:56,902 - Chart Function Logs - DEBUG : plot kbbuffers
2023-07-11 05:51:56,922 - Chart Function Logs - DEBUG : plot kbcached
2023-07-11 05:51:56,942 - Chart Function Logs - DEBUG : plot kbcommit
2023-07-11 05:51:56,963 - Chart Function Logs - DEBUG : plot commit
2023-07-11 05:51:56,983 - Chart Function Logs - DEBUG : plot kbactive
2023-07-11 05:51:57,003 - Chart Function Logs - DEBUG : plot kbinact
2023-07-11 05:51:57,857 - Chart Function Logs - DEBUG : output dir =/fastapi/application/log/usage
2023-07-11 05:51:57,858 - Chart Function Logs - DEBUG : save image =usage_20230715_1.png
2023-07-11 05:51:58,050 - Chart Function Logs - DEBUG : date update to 20230716
2023-07-11 05:51:58,058 - Chart Function Logs - DEBUG : Split data region start =7200 end = 8639

2023-07-11 05:51:58,130 - Chart Function Logs - DEBUG : plot time
2023-07-11 05:51:58,151 - Chart Function Logs - DEBUG : plot kbmemfree
2023-07-11 05:51:58,170 - Chart Function Logs - DEBUG : plot kbmemused
2023-07-11 05:51:58,190 - Chart Function Logs - DEBUG : plot memused
2023-07-11 05:51:58,210 - Chart Function Logs - DEBUG : plot kbbuffers
2023-07-11 05:51:58,230 - Chart Function Logs - DEBUG : plot kbcached
2023-07-11 05:51:58,250 - Chart Function Logs - DEBUG : plot kbcommit
2023-07-11 05:51:58,270 - Chart Function Logs - DEBUG : plot commit
2023-07-11 05:51:58,290 - Chart Function Logs - DEBUG : plot kbactive
2023-07-11 05:51:58,310 - Chart Function Logs - DEBUG : plot kbinact
2023-07-11 05:51:59,166 - Chart Function Logs - DEBUG : output dir =/fastapi/application/log/usage
2023-07-11 05:51:59,166 - Chart Function Logs - DEBUG : save image =usage_20230716_1.png
2023-07-11 05:51:59,420 - Chart Function Logs - DEBUG : date update to 20230717
2023-07-11 05:51:59,428 - Chart Function Logs - DEBUG : Split data region start =8640 end = 10079

2023-07-11 05:51:59,501 - Chart Function Logs - DEBUG : plot time
2023-07-11 05:51:59,521 - Chart Function Logs - DEBUG : plot kbmemfree
2023-07-11 05:51:59,541 - Chart Function Logs - DEBUG : plot kbmemused
2023-07-11 05:51:59,560 - Chart Function Logs - DEBUG : plot memused
2023-07-11 05:51:59,580 - Chart Function Logs - DEBUG : plot kbbuffers
2023-07-11 05:51:59,600 - Chart Function Logs - DEBUG : plot kbcached
2023-07-11 05:51:59,620 - Chart Function Logs - DEBUG : plot kbcommit
2023-07-11 05:51:59,640 - Chart Function Logs - DEBUG : plot commit
2023-07-11 05:51:59,660 - Chart Function Logs - DEBUG : plot kbactive
2023-07-11 05:51:59,680 - Chart Function Logs - DEBUG : plot kbinact
2023-07-11 05:52:00,556 - Chart Function Logs - DEBUG : output dir =/fastapi/application/log/usage
2023-07-11 05:52:00,557 - Chart Function Logs - DEBUG : save image =usage_20230717_1.png
2023-07-11 05:52:00,748 - Chart Function Logs - DEBUG : date update to 20230718
2023-07-11 05:52:00,756 - Chart Function Logs - DEBUG : Split data region start =10080 end = 11518

2023-07-11 05:52:00,829 - Chart Function Logs - DEBUG : plot time
2023-07-11 05:52:00,849 - Chart Function Logs - DEBUG : plot kbmemfree
2023-07-11 05:52:00,869 - Chart Function Logs - DEBUG : plot kbmemused
2023-07-11 05:52:00,889 - Chart Function Logs - DEBUG : plot memused
2023-07-11 05:52:00,909 - Chart Function Logs - DEBUG : plot kbbuffers
2023-07-11 05:52:00,928 - Chart Function Logs - DEBUG : plot kbcached
2023-07-11 05:52:00,949 - Chart Function Logs - DEBUG : plot kbcommit
2023-07-11 05:52:00,969 - Chart Function Logs - DEBUG : plot commit
2023-07-11 05:52:00,989 - Chart Function Logs - DEBUG : plot kbactive
2023-07-11 05:52:01,075 - Chart Function Logs - DEBUG : plot kbinact
2023-07-11 05:52:01,954 - Chart Function Logs - DEBUG : output dir =/fastapi/application/log/usage
2023-07-11 05:52:01,954 - Chart Function Logs - DEBUG : save image =usage_20230718_1.png
2023-07-11 05:52:02,147 - Chart Function Logs - DEBUG : date update to 20230719
2023-07-11 05:52:02,155 - Chart Function Logs - DEBUG : Split data region start =11519 end = 12958

2023-07-11 05:52:02,228 - Chart Function Logs - DEBUG : plot time
2023-07-11 05:52:02,248 - Chart Function Logs - DEBUG : plot kbmemfree
2023-07-11 05:52:02,268 - Chart Function Logs - DEBUG : plot kbmemused
2023-07-11 05:52:02,288 - Chart Function Logs - DEBUG : plot memused
2023-07-11 05:52:02,307 - Chart Function Logs - DEBUG : plot kbbuffers
2023-07-11 05:52:02,327 - Chart Function Logs - DEBUG : plot kbcached
2023-07-11 05:52:02,347 - Chart Function Logs - DEBUG : plot kbcommit
2023-07-11 05:52:02,367 - Chart Function Logs - DEBUG : plot commit
2023-07-11 05:52:02,387 - Chart Function Logs - DEBUG : plot kbactive
2023-07-11 05:52:02,407 - Chart Function Logs - DEBUG : plot kbinact
2023-07-11 05:52:03,278 - Chart Function Logs - DEBUG : output dir =/fastapi/application/log/usage
2023-07-11 05:52:03,278 - Chart Function Logs - DEBUG : save image =usage_20230719_1.png
2023-07-11 05:52:03,472 - Chart Function Logs - DEBUG : date update to 20230720
2023-07-11 05:52:03,480 - Chart Function Logs - DEBUG : Split data region start =12959 end = 14398

2023-07-11 05:52:03,553 - Chart Function Logs - DEBUG : plot time
2023-07-11 05:52:03,573 - Chart Function Logs - DEBUG : plot kbmemfree
2023-07-11 05:52:03,593 - Chart Function Logs - DEBUG : plot kbmemused
2023-07-11 05:52:03,613 - Chart Function Logs - DEBUG : plot memused
2023-07-11 05:52:03,633 - Chart Function Logs - DEBUG : plot kbbuffers
2023-07-11 05:52:03,653 - Chart Function Logs - DEBUG : plot kbcached
2023-07-11 05:52:03,733 - Chart Function Logs - DEBUG : plot kbcommit
2023-07-11 05:52:03,753 - Chart Function Logs - DEBUG : plot commit
2023-07-11 05:52:03,773 - Chart Function Logs - DEBUG : plot kbactive
2023-07-11 05:52:03,793 - Chart Function Logs - DEBUG : plot kbinact
2023-07-11 05:52:04,660 - Chart Function Logs - DEBUG : output dir =/fastapi/application/log/usage
2023-07-11 05:52:04,660 - Chart Function Logs - DEBUG : save image =usage_20230720_1.png
2023-07-11 05:52:04,851 - Chart Function Logs - DEBUG : date update to 20230721
2023-07-11 05:52:04,859 - Chart Function Logs - DEBUG : Split data region start =14399 end = 15837

2023-07-11 05:52:04,932 - Chart Function Logs - DEBUG : plot time
2023-07-11 05:52:04,952 - Chart Function Logs - DEBUG : plot kbmemfree
2023-07-11 05:52:04,972 - Chart Function Logs - DEBUG : plot kbmemused
2023-07-11 05:52:04,994 - Chart Function Logs - DEBUG : plot memused
2023-07-11 05:52:05,014 - Chart Function Logs - DEBUG : plot kbbuffers
2023-07-11 05:52:05,033 - Chart Function Logs - DEBUG : plot kbcached
2023-07-11 05:52:05,053 - Chart Function Logs - DEBUG : plot kbcommit
2023-07-11 05:52:05,073 - Chart Function Logs - DEBUG : plot commit
2023-07-11 05:52:05,093 - Chart Function Logs - DEBUG : plot kbactive
2023-07-11 05:52:05,113 - Chart Function Logs - DEBUG : plot kbinact
2023-07-11 05:52:05,964 - Chart Function Logs - DEBUG : output dir =/fastapi/application/log/usage
2023-07-11 05:52:05,964 - Chart Function Logs - DEBUG : save image =usage_20230721_1.png
2023-07-11 05:52:06,158 - Chart Function Logs - DEBUG : date update to 20230722
2023-07-11 05:53:33,571 - Main Function - INFO : ------------get_current_username function-----------
2023-07-11 05:53:33,571 - Main Function - DEBUG : input username:123
2023-07-11 05:53:33,571 - Main Function - DEBUG : input password:123
2023-07-11 05:53:33,571 - Main Function - DEBUG : output(credential.username):123

2023-07-11 05:53:33,571 - Main Function - INFO : ------------Open Web-----------

2023-07-11 06:12:00,837 - Main Function - INFO : ------------get_current_username function-----------
2023-07-11 06:12:00,838 - Main Function - DEBUG : input username:123
2023-07-11 06:12:00,838 - Main Function - DEBUG : input password:123
2023-07-11 06:12:00,838 - Main Function - DEBUG : output(credential.username):123

2023-07-11 06:12:00,838 - Main Function - INFO : ------------Open Web-----------

2023-07-11 08:04:50,300 - Main Function - INFO : ------------get_current_username function-----------
2023-07-11 08:04:50,300 - Main Function - DEBUG : input username:123
2023-07-11 08:04:50,300 - Main Function - DEBUG : input password:123
2023-07-11 08:04:50,300 - Main Function - DEBUG : output(credential.username):123

2023-07-11 08:04:50,300 - Main Function - INFO : ------------Open Web-----------

2023-07-11 08:11:05,038 - Main Function - INFO : ------------get_current_username function-----------
2023-07-11 08:11:05,038 - Main Function - DEBUG : input username:123
2023-07-11 08:11:05,038 - Main Function - DEBUG : input password:123
2023-07-11 08:11:05,038 - Main Function - DEBUG : output(credential.username):123

2023-07-11 08:11:05,038 - Main Function - INFO : ------------Open Web-----------

2023-07-11 08:11:11,164 - Main Function - INFO : --------------do function-----------
2023-07-11 08:11:11,164 - Main Function - DEBUG : output = Hello, Welcome to my FastAPI

2023-07-11 08:11:23,230 - Item Function Logs - INFO : ----------name function--------
2023-07-11 08:11:23,230 - Item Function Logs - DEBUG : input : phone_number = 2311 name = 51
2023-07-11 08:11:23,230 - Item Function Logs - DEBUG : output : 
{"Username": "51", "telephone": "2311"}

2023-07-11 08:11:39,281 - Item Function Logs - INFO : ----------/items/Your_name--------
2023-07-11 08:11:39,281 - Item Function Logs - DEBUG : input :Leo
2023-07-11 08:11:39,282 - Item Function Logs - DEBUG : output : 
Hello Leo, Myname is Leo, Nice to meet you...

2023-07-11 08:11:50,846 - User Function - INFO : ---------verify_password function--------------
2023-07-11 08:11:50,847 - User Function - DEBUG : pwd_verfy...
2023-07-11 08:11:51,080 - User Function - INFO : ---------create_access_token function--------------
2023-07-11 08:11:51,080 - User Function - DEBUG : creating...
2023-07-11 08:11:55,151 - Item Function Logs - INFO : ----------secret--------
2023-07-11 08:11:55,151 - Item Function Logs - DEBUG : input :johndoe
2023-07-11 08:11:55,151 - Item Function Logs - DEBUG : output : 
Hello johndoe, Myname is Leo.
Nice to meet you.
My faviorate dessert is chocolate brownie!
Don't tell anyone!!!!!!


2023-07-11 08:11:59,981 - User Function - INFO : ---------password function--------------
2023-07-11 08:11:59,981 - User Function - DEBUG : input : eyJhbGciOiJIUzI1NiIsInR5cCI6IkpXVCJ9.eyJzdWIiOiJqb2huZG9lIiwiZXhwIjoxNjg5MDY0OTExfQ.AkaEaiCB3IWuLJ-uDDH1SK3jogb10U8-wlydaUhcnt0
2023-07-11 08:11:59,981 - User Function - DEBUG : output: {"token1": "eyJhbGciOiJIUzI1NiIsInR5cCI6IkpXVCJ9.eyJzdWIiOiJqb2huZG9lIiwiZXhwIjoxNjg5MDY0OTExfQ.AkaEaiCB3IWuLJ-uDDH1SK3jogb10U8-wlydaUhcnt0"}

2023-07-11 08:12:03,484 - User Function - INFO : ----------------users/me1 function -------------
2023-07-11 08:12:03,484 - User Function - DEBUG : output:
{"username": "johndoe", "email": "johndoe@example.com", "full_name": "John Doe", "disabled": false, "hashed_password": "$2b$12$EixZaYVK1fsbw1ZfbX3OXePaWxn96p36WQoeG6Lruj3vjPGga31lW"}

2023-07-11 08:12:08,879 - Class Function Logs - INFO : ----------/Create_Item--------
2023-07-11 08:12:08,879 - Class Function Logs - DEBUG : input :Item:Leo, description : string, price : 30000.0, tax : 0
2023-07-11 08:12:08,879 - Class Function Logs - DEBUG : output = 生活費 = 30000.0 大於20000 -> 生活富足 {'name': 'Leo', 'descri': 'string', 'price': 30000.0, 'tax': 0}

2023-07-11 08:12:14,845 - Class Function Logs - INFO : ----------/Midterm--------
2023-07-11 08:12:14,845 - Class Function Logs - DEBUG : input :Subject : string  Score : 0.0
2023-07-11 08:12:14,845 - Class Function Logs - DEBUG : output = Fail，分數是 : 0.0

2023-07-11 08:12:19,184 - Class Function Logs - INFO : ----------/Midterm--------
2023-07-11 08:12:19,184 - Class Function Logs - DEBUG : input :Subject : string  Score : 0.0
2023-07-11 08:12:19,184 - Class Function Logs - DEBUG : output = Fail，分數是 : 0.0

2023-07-11 08:12:27,659 - Class Function Logs - INFO : ----------------multiple_struct function-------------
2023-07-11 08:12:27,660 - Class Function Logs - DEBUG : input = region='Taoyuan' classroom=[Classroom(grade=4, room=8, student=[Student(name='Leo', id=13)])]
2023-07-11 08:12:27,660 - Class Function Logs - DEBUG : output = grade=4 room=8 student=[Student(name='Leo', id=13)]

2023-07-11 08:12:34,215 - Class Function Logs - INFO : ----------------extra_example function-------------
2023-07-11 08:12:34,215 - Class Function Logs - DEBUG : input = name='Leo' telephone='09569708**' sex='male'
2023-07-11 08:12:34,216 - Class Function Logs - DEBUG : output = name='Leo' telephone='09569708**' sex='male'

2023-07-11 08:12:42,493 - Funct Function Logs - INFO : --------------L_Sum_Query Function----------
2023-07-11 08:12:42,493 - Funct Function Logs - DEBUG : input = sum = 255 1 2 3 
2023-07-11 08:12:42,493 - Funct Function Logs - DEBUG : output = L_sum = 261

2023-07-11 08:12:50,068 - Funct Function Logs - INFO : --------------ENUM Function----------
2023-07-11 08:12:50,068 - Funct Function Logs - DEBUG : output = A_Model :alexnet , de_Model :CNN

2023-07-11 08:12:57,350 - Funct Function Logs - INFO : --------------limit_the_length Function----------
2023-07-11 08:12:57,351 - Funct Function Logs - DEBUG : input = 51563
2023-07-11 08:12:57,351 - Funct Function Logs - DEBUG : output = input = 51563

2023-07-11 08:13:06,638 - Funct Function Logs - INFO : --------------body Function----------
2023-07-11 08:13:06,638 - Funct Function Logs - DEBUG : input = {'item_id': 0, 'item': Item(name='Leo', descri='string', price=30000.0, tax=0)}
2023-07-11 08:13:06,638 - Funct Function Logs - DEBUG : output = {'item_id': 0, 'item': Item(name='Leo', descri='string', price=30000.0, tax=0)}

2023-07-11 08:13:18,167 - File Function Logs - INFO : --------------uploadfile2 function-------------
2023-07-11 08:13:18,167 - File Function Logs - DEBUG : input = 紀錄.docx
2023-07-11 08:13:18,167 - File Function Logs - DEBUG : output = filename : 紀錄.docx

2023-07-11 08:13:31,789 - File Function Logs - INFO : --------------mul_files function-------------
2023-07-11 08:13:31,790 - File Function Logs - DEBUG : output = 
2023-07-11 08:14:27,224 - Chart Function Logs - INFO : ----------------plot function-------------
2023-07-11 08:14:27,224 - Chart Function Logs - DEBUG : input = <starlette.datastructures.UploadFile object at 0x7fd460633df0> date  = 20210701
2023-07-11 08:14:27,224 - Chart Function Logs - DEBUG : read data
2023-07-11 08:14:28,874 - Chart Function Logs - DEBUG : read data
2023-07-11 08:14:28,879 - Chart Function Logs - DEBUG : figure size  = (12,8)
2023-07-11 08:14:28,879 - Chart Function Logs - DEBUG : get column size and column name
2023-07-11 08:14:28,887 - Chart Function Logs - DEBUG : Split data region start =1 end = 1439

2023-07-11 08:14:28,965 - Chart Function Logs - DEBUG : plot time
2023-07-11 08:14:28,991 - Chart Function Logs - DEBUG : plot kbmemfree
2023-07-11 08:14:29,013 - Chart Function Logs - DEBUG : plot kbmemused
2023-07-11 08:14:29,034 - Chart Function Logs - DEBUG : plot memused
2023-07-11 08:14:29,054 - Chart Function Logs - DEBUG : plot kbbuffers
2023-07-11 08:14:29,115 - Chart Function Logs - DEBUG : plot kbcached
2023-07-11 08:14:29,135 - Chart Function Logs - DEBUG : plot kbcommit
2023-07-11 08:14:29,156 - Chart Function Logs - DEBUG : plot commit
2023-07-11 08:14:29,176 - Chart Function Logs - DEBUG : plot kbactive
2023-07-11 08:14:29,196 - Chart Function Logs - DEBUG : plot kbinact
2023-07-11 08:14:30,088 - Chart Function Logs - DEBUG : output dir =/fastapi/application/log/usage
2023-07-11 08:14:30,089 - Chart Function Logs - DEBUG : save image =usage_20210701_1.png
2023-07-11 08:14:30,282 - Chart Function Logs - DEBUG : date update to 20210702
2023-07-11 08:14:30,290 - Chart Function Logs - DEBUG : Split data region start =1440 end = 2879

2023-07-11 08:14:30,361 - Chart Function Logs - DEBUG : plot time
2023-07-11 08:14:30,382 - Chart Function Logs - DEBUG : plot kbmemfree
2023-07-11 08:14:30,402 - Chart Function Logs - DEBUG : plot kbmemused
2023-07-11 08:14:30,422 - Chart Function Logs - DEBUG : plot memused
2023-07-11 08:14:30,442 - Chart Function Logs - DEBUG : plot kbbuffers
2023-07-11 08:14:30,462 - Chart Function Logs - DEBUG : plot kbcached
2023-07-11 08:14:30,482 - Chart Function Logs - DEBUG : plot kbcommit
2023-07-11 08:14:30,503 - Chart Function Logs - DEBUG : plot commit
2023-07-11 08:14:30,523 - Chart Function Logs - DEBUG : plot kbactive
2023-07-11 08:14:30,544 - Chart Function Logs - DEBUG : plot kbinact
2023-07-11 08:14:31,432 - Chart Function Logs - DEBUG : output dir =/fastapi/application/log/usage
2023-07-11 08:14:31,432 - Chart Function Logs - DEBUG : save image =usage_20210702_1.png
2023-07-11 08:14:31,626 - Chart Function Logs - DEBUG : date update to 20210703
2023-07-11 08:14:31,635 - Chart Function Logs - DEBUG : Split data region start =2880 end = 4319

2023-07-11 08:14:31,705 - Chart Function Logs - DEBUG : plot time
2023-07-11 08:14:31,781 - Chart Function Logs - DEBUG : plot kbmemfree
2023-07-11 08:14:31,801 - Chart Function Logs - DEBUG : plot kbmemused
2023-07-11 08:14:31,821 - Chart Function Logs - DEBUG : plot memused
2023-07-11 08:14:31,841 - Chart Function Logs - DEBUG : plot kbbuffers
2023-07-11 08:14:31,860 - Chart Function Logs - DEBUG : plot kbcached
2023-07-11 08:14:31,881 - Chart Function Logs - DEBUG : plot kbcommit
2023-07-11 08:14:31,901 - Chart Function Logs - DEBUG : plot commit
2023-07-11 08:14:31,920 - Chart Function Logs - DEBUG : plot kbactive
2023-07-11 08:14:31,941 - Chart Function Logs - DEBUG : plot kbinact
2023-07-11 08:14:32,842 - Chart Function Logs - DEBUG : output dir =/fastapi/application/log/usage
2023-07-11 08:14:32,842 - Chart Function Logs - DEBUG : save image =usage_20210703_1.png
2023-07-11 08:14:33,034 - Chart Function Logs - DEBUG : date update to 20210704
2023-07-11 08:14:33,042 - Chart Function Logs - DEBUG : Split data region start =4320 end = 5759

2023-07-11 08:14:33,114 - Chart Function Logs - DEBUG : plot time
2023-07-11 08:14:33,134 - Chart Function Logs - DEBUG : plot kbmemfree
2023-07-11 08:14:33,154 - Chart Function Logs - DEBUG : plot kbmemused
2023-07-11 08:14:33,174 - Chart Function Logs - DEBUG : plot memused
2023-07-11 08:14:33,194 - Chart Function Logs - DEBUG : plot kbbuffers
2023-07-11 08:14:33,214 - Chart Function Logs - DEBUG : plot kbcached
2023-07-11 08:14:33,234 - Chart Function Logs - DEBUG : plot kbcommit
2023-07-11 08:14:33,254 - Chart Function Logs - DEBUG : plot commit
2023-07-11 08:14:33,274 - Chart Function Logs - DEBUG : plot kbactive
2023-07-11 08:14:33,294 - Chart Function Logs - DEBUG : plot kbinact
2023-07-11 08:14:34,178 - Chart Function Logs - DEBUG : output dir =/fastapi/application/log/usage
2023-07-11 08:14:34,178 - Chart Function Logs - DEBUG : save image =usage_20210704_1.png
2023-07-11 08:14:34,423 - Chart Function Logs - DEBUG : date update to 20210705
2023-07-11 08:14:34,431 - Chart Function Logs - DEBUG : Split data region start =5760 end = 7199

2023-07-11 08:14:34,503 - Chart Function Logs - DEBUG : plot time
2023-07-11 08:14:34,523 - Chart Function Logs - DEBUG : plot kbmemfree
2023-07-11 08:14:34,544 - Chart Function Logs - DEBUG : plot kbmemused
2023-07-11 08:14:34,563 - Chart Function Logs - DEBUG : plot memused
2023-07-11 08:14:34,583 - Chart Function Logs - DEBUG : plot kbbuffers
2023-07-11 08:14:34,605 - Chart Function Logs - DEBUG : plot kbcached
2023-07-11 08:14:34,625 - Chart Function Logs - DEBUG : plot kbcommit
2023-07-11 08:14:34,645 - Chart Function Logs - DEBUG : plot commit
2023-07-11 08:14:34,665 - Chart Function Logs - DEBUG : plot kbactive
2023-07-11 08:14:34,685 - Chart Function Logs - DEBUG : plot kbinact
2023-07-11 08:14:35,547 - Chart Function Logs - DEBUG : output dir =/fastapi/application/log/usage
2023-07-11 08:14:35,547 - Chart Function Logs - DEBUG : save image =usage_20210705_1.png
2023-07-11 08:14:35,742 - Chart Function Logs - DEBUG : date update to 20210706
2023-07-11 08:14:35,750 - Chart Function Logs - DEBUG : Split data region start =7200 end = 8639

2023-07-11 08:14:35,822 - Chart Function Logs - DEBUG : plot time
2023-07-11 08:14:35,842 - Chart Function Logs - DEBUG : plot kbmemfree
2023-07-11 08:14:35,863 - Chart Function Logs - DEBUG : plot kbmemused
2023-07-11 08:14:35,882 - Chart Function Logs - DEBUG : plot memused
2023-07-11 08:14:35,902 - Chart Function Logs - DEBUG : plot kbbuffers
2023-07-11 08:14:35,923 - Chart Function Logs - DEBUG : plot kbcached
2023-07-11 08:14:35,943 - Chart Function Logs - DEBUG : plot kbcommit
2023-07-11 08:14:35,963 - Chart Function Logs - DEBUG : plot commit
2023-07-11 08:14:35,983 - Chart Function Logs - DEBUG : plot kbactive
2023-07-11 08:14:36,003 - Chart Function Logs - DEBUG : plot kbinact
2023-07-11 08:14:36,934 - Chart Function Logs - DEBUG : output dir =/fastapi/application/log/usage
2023-07-11 08:14:36,934 - Chart Function Logs - DEBUG : save image =usage_20210706_1.png
2023-07-11 08:14:37,126 - Chart Function Logs - DEBUG : date update to 20210707
2023-07-11 08:14:37,135 - Chart Function Logs - DEBUG : Split data region start =8640 end = 10079

2023-07-11 08:14:37,206 - Chart Function Logs - DEBUG : plot time
2023-07-11 08:14:37,226 - Chart Function Logs - DEBUG : plot kbmemfree
2023-07-11 08:14:37,246 - Chart Function Logs - DEBUG : plot kbmemused
2023-07-11 08:14:37,266 - Chart Function Logs - DEBUG : plot memused
2023-07-11 08:14:37,286 - Chart Function Logs - DEBUG : plot kbbuffers
2023-07-11 08:14:37,306 - Chart Function Logs - DEBUG : plot kbcached
2023-07-11 08:14:37,326 - Chart Function Logs - DEBUG : plot kbcommit
2023-07-11 08:14:37,346 - Chart Function Logs - DEBUG : plot commit
2023-07-11 08:14:37,366 - Chart Function Logs - DEBUG : plot kbactive
2023-07-11 08:14:37,386 - Chart Function Logs - DEBUG : plot kbinact
2023-07-11 08:14:38,269 - Chart Function Logs - DEBUG : output dir =/fastapi/application/log/usage
2023-07-11 08:14:38,269 - Chart Function Logs - DEBUG : save image =usage_20210707_1.png
2023-07-11 08:14:38,462 - Chart Function Logs - DEBUG : date update to 20210708
2023-07-11 08:14:38,470 - Chart Function Logs - DEBUG : Split data region start =10080 end = 11518

2023-07-11 08:14:38,541 - Chart Function Logs - DEBUG : plot time
2023-07-11 08:14:38,561 - Chart Function Logs - DEBUG : plot kbmemfree
2023-07-11 08:14:38,582 - Chart Function Logs - DEBUG : plot kbmemused
2023-07-11 08:14:38,602 - Chart Function Logs - DEBUG : plot memused
2023-07-11 08:14:38,624 - Chart Function Logs - DEBUG : plot kbbuffers
2023-07-11 08:14:38,645 - Chart Function Logs - DEBUG : plot kbcached
2023-07-11 08:14:38,665 - Chart Function Logs - DEBUG : plot kbcommit
2023-07-11 08:14:38,685 - Chart Function Logs - DEBUG : plot commit
2023-07-11 08:14:38,765 - Chart Function Logs - DEBUG : plot kbactive
2023-07-11 08:14:38,785 - Chart Function Logs - DEBUG : plot kbinact
2023-07-11 08:14:39,672 - Chart Function Logs - DEBUG : output dir =/fastapi/application/log/usage
2023-07-11 08:14:39,672 - Chart Function Logs - DEBUG : save image =usage_20210708_1.png
2023-07-11 08:14:39,865 - Chart Function Logs - DEBUG : date update to 20210709
2023-07-11 08:14:39,873 - Chart Function Logs - DEBUG : Split data region start =11519 end = 12958

2023-07-11 08:14:39,944 - Chart Function Logs - DEBUG : plot time
2023-07-11 08:14:39,964 - Chart Function Logs - DEBUG : plot kbmemfree
2023-07-11 08:14:39,984 - Chart Function Logs - DEBUG : plot kbmemused
2023-07-11 08:14:40,004 - Chart Function Logs - DEBUG : plot memused
2023-07-11 08:14:40,024 - Chart Function Logs - DEBUG : plot kbbuffers
2023-07-11 08:14:40,044 - Chart Function Logs - DEBUG : plot kbcached
2023-07-11 08:14:40,064 - Chart Function Logs - DEBUG : plot kbcommit
2023-07-11 08:14:40,084 - Chart Function Logs - DEBUG : plot commit
2023-07-11 08:14:40,104 - Chart Function Logs - DEBUG : plot kbactive
2023-07-11 08:14:40,124 - Chart Function Logs - DEBUG : plot kbinact
2023-07-11 08:14:40,988 - Chart Function Logs - DEBUG : output dir =/fastapi/application/log/usage
2023-07-11 08:14:40,988 - Chart Function Logs - DEBUG : save image =usage_20210709_1.png
2023-07-11 08:14:41,181 - Chart Function Logs - DEBUG : date update to 20210710
2023-07-11 08:14:41,189 - Chart Function Logs - DEBUG : Split data region start =12959 end = 14398

2023-07-11 08:14:41,260 - Chart Function Logs - DEBUG : plot time
2023-07-11 08:14:41,280 - Chart Function Logs - DEBUG : plot kbmemfree
2023-07-11 08:14:41,300 - Chart Function Logs - DEBUG : plot kbmemused
2023-07-11 08:14:41,320 - Chart Function Logs - DEBUG : plot memused
2023-07-11 08:14:41,399 - Chart Function Logs - DEBUG : plot kbbuffers
2023-07-11 08:14:41,419 - Chart Function Logs - DEBUG : plot kbcached
2023-07-11 08:14:41,439 - Chart Function Logs - DEBUG : plot kbcommit
2023-07-11 08:14:41,459 - Chart Function Logs - DEBUG : plot commit
2023-07-11 08:14:41,479 - Chart Function Logs - DEBUG : plot kbactive
2023-07-11 08:14:41,499 - Chart Function Logs - DEBUG : plot kbinact
2023-07-11 08:14:42,366 - Chart Function Logs - DEBUG : output dir =/fastapi/application/log/usage
2023-07-11 08:14:42,366 - Chart Function Logs - DEBUG : save image =usage_20210710_1.png
2023-07-11 08:14:42,558 - Chart Function Logs - DEBUG : date update to 20210711
2023-07-11 08:14:42,567 - Chart Function Logs - DEBUG : Split data region start =14399 end = 15837

2023-07-11 08:14:42,639 - Chart Function Logs - DEBUG : plot time
2023-07-11 08:14:42,660 - Chart Function Logs - DEBUG : plot kbmemfree
2023-07-11 08:14:42,680 - Chart Function Logs - DEBUG : plot kbmemused
2023-07-11 08:14:42,700 - Chart Function Logs - DEBUG : plot memused
2023-07-11 08:14:42,720 - Chart Function Logs - DEBUG : plot kbbuffers
2023-07-11 08:14:42,740 - Chart Function Logs - DEBUG : plot kbcached
2023-07-11 08:14:42,759 - Chart Function Logs - DEBUG : plot kbcommit
2023-07-11 08:14:42,780 - Chart Function Logs - DEBUG : plot commit
2023-07-11 08:14:42,800 - Chart Function Logs - DEBUG : plot kbactive
2023-07-11 08:14:42,820 - Chart Function Logs - DEBUG : plot kbinact
2023-07-11 08:14:43,683 - Chart Function Logs - DEBUG : output dir =/fastapi/application/log/usage
2023-07-11 08:14:43,683 - Chart Function Logs - DEBUG : save image =usage_20210711_1.png
2023-07-11 08:14:43,877 - Chart Function Logs - DEBUG : date update to 20210712
2023-07-11 08:16:19,302 - Main Function - INFO : ------------get_current_username function-----------
2023-07-11 08:16:19,302 - Main Function - DEBUG : input username:123
2023-07-11 08:16:19,302 - Main Function - DEBUG : input password:123
2023-07-11 08:16:19,302 - Main Function - DEBUG : output(credential.username):123

2023-07-11 08:16:19,303 - Main Function - INFO : ------------Open Web-----------

2023-07-11 08:16:30,720 - File Function Logs - INFO : --------------mul_files function-------------
2023-07-11 08:16:30,720 - File Function Logs - DEBUG : output = 
2023-07-11 08:16:30,720 - File Function Logs - DEBUG : filelen = 938
2023-07-11 08:16:30,720 - File Function Logs - DEBUG : filelen = 401313
2023-07-11 08:16:30,720 - File Function Logs - DEBUG : 
2023-07-11 08:17:15,856 - Main Function - INFO : ------------get_current_username function-----------
2023-07-11 08:17:15,856 - Main Function - DEBUG : input username:123
2023-07-11 08:17:15,856 - Main Function - DEBUG : input password:123
2023-07-11 08:17:15,856 - Main Function - DEBUG : output(credential.username):123

2023-07-11 08:17:15,856 - Main Function - INFO : ------------Open Web-----------

