2023-07-28 08:28:34 | FastAPI | INFO : ------------Open Web-----------
 (Main Function)
2023-07-28 08:29:08 | FastAPI | INFO : --------------Upload_txt function------------- (File Function Logs)
2023-07-28 08:29:08 | FastAPI | DEBUG : File :cpu_usage.log Saved. (File Function Logs)
2023-07-28 08:29:21 | FastAPI | INFO : ---------txt_to_csv_all Function--------- (File Function Logs)
2023-07-28 08:29:21 | FastAPI | DEBUG : Open filecpu_usage.log and readlines  (File Function Logs)
2023-07-28 08:29:21 | FastAPI | DEBUG : Dealing with data (File Function Logs)
2023-07-28 08:29:21 | FastAPI | DEBUG : Complete transfer data to DataFrame (File Function Logs)
2023-07-28 08:29:21 | FastAPI | DEBUG : Saving cpu_usage.log.csv file (File Function Logs)
2023-07-28 08:29:21 | FastAPI | DEBUG : Saving cpu_usage.log.xlsx file (File Function Logs)
2023-07-28 08:29:26 | FastAPI | DEBUG : Finish saving files (File Function Logs)
2023-07-28 08:29:26 | FastAPI | DEBUG : cpu_usage.log moved to D:\Fastapi\exercise\application\data\txt\finished\cpu_usage.log (File Function Logs)
2023-07-28 08:29:26 | FastAPI | DEBUG : ------------------------------- (File Function Logs)
2023-07-28 08:29:26 | FastAPI | DEBUG : Transfile :['cpu_usage.log'] (File Function Logs)
2023-07-28 08:29:43 | FastAPI | INFO : --------------txt_to_csv function------------- (File Function Logs)
2023-07-28 08:29:43 | FastAPI | DEBUG : input = cpu_usage.log (File Function Logs)
2023-07-28 08:30:00 | FastAPI | DEBUG : read data (Chart Function Logs)
2023-07-28 08:30:00 | FastAPI | DEBUG : read data (Chart Function Logs)
2023-07-28 08:30:00 | FastAPI | DEBUG : read data (Chart Function Logs)
2023-07-28 08:30:00 | FastAPI | DEBUG : read data (Chart Function Logs)
2023-07-28 08:30:00 | FastAPI | DEBUG : read data (Chart Function Logs)
2023-07-28 08:30:02 | FastAPI | DEBUG : read data (Chart Function Logs)
2023-07-28 08:30:03 | FastAPI | DEBUG : figure size  = (12,8) (Chart Function Logs)
2023-07-28 08:30:03 | FastAPI | DEBUG : get column size and column name (Chart Function Logs)
2023-07-28 08:30:03 | FastAPI | DEBUG : Split data region start =0 end = 858 (Chart Function Logs)
2023-07-28 08:30:03 | FastAPI | DEBUG : -------------------------------------------- (Chart Function Logs)
2023-07-28 08:30:03 | FastAPI | DEBUG : plot CPU (Chart Function Logs)
2023-07-28 08:30:03 | FastAPI | DEBUG : plot %user (Chart Function Logs)
2023-07-28 08:30:03 | FastAPI | DEBUG : plot %nice (Chart Function Logs)
2023-07-28 08:30:03 | FastAPI | DEBUG : plot %system (Chart Function Logs)
2023-07-28 08:30:03 | FastAPI | DEBUG : plot %iowait (Chart Function Logs)
2023-07-28 08:30:03 | FastAPI | DEBUG : plot %steal (Chart Function Logs)
2023-07-28 08:30:03 | FastAPI | DEBUG : plot %idle (Chart Function Logs)
2023-07-28 08:30:03 | FastAPI | DEBUG : plot deid (Chart Function Logs)
2023-07-28 08:30:03 | FastAPI | DEBUG : plot 2023-04-12 00:00:00 (Chart Function Logs)
2023-07-28 08:30:03 | FastAPI | DEBUG : output dir =D:\Fastapi\exercise\application\data\usage\deid_cpu_usage (Chart Function Logs)
2023-07-28 08:30:03 | FastAPI | DEBUG : save image =deid_cpu_usage.xlsx_20230412_1.png (Chart Function Logs)
2023-07-28 08:30:04 | FastAPI | DEBUG : date update to 20230413 (Chart Function Logs)
2023-07-28 08:30:04 | FastAPI | DEBUG : Split data region start =857 end = 2298 (Chart Function Logs)
2023-07-28 08:30:04 | FastAPI | DEBUG : -------------------------------------------- (Chart Function Logs)
2023-07-28 08:30:04 | FastAPI | DEBUG : plot CPU (Chart Function Logs)
2023-07-28 08:30:04 | FastAPI | DEBUG : plot %user (Chart Function Logs)
2023-07-28 08:30:04 | FastAPI | DEBUG : plot %nice (Chart Function Logs)
2023-07-28 08:30:04 | FastAPI | DEBUG : plot %system (Chart Function Logs)
2023-07-28 08:30:04 | FastAPI | DEBUG : plot %iowait (Chart Function Logs)
2023-07-28 08:30:04 | FastAPI | DEBUG : plot %steal (Chart Function Logs)
2023-07-28 08:30:04 | FastAPI | DEBUG : plot %idle (Chart Function Logs)
2023-07-28 08:30:04 | FastAPI | DEBUG : plot deid (Chart Function Logs)
2023-07-28 08:30:04 | FastAPI | DEBUG : plot 2023-04-12 00:00:00 (Chart Function Logs)
2023-07-28 08:30:04 | FastAPI | DEBUG : output dir =D:\Fastapi\exercise\application\data\usage\deid_cpu_usage (Chart Function Logs)
2023-07-28 08:30:04 | FastAPI | DEBUG : save image =deid_cpu_usage.xlsx_20230413_1.png (Chart Function Logs)
2023-07-28 08:30:05 | FastAPI | DEBUG : date update to 20230414 (Chart Function Logs)
2023-07-28 08:30:05 | FastAPI | DEBUG : Split data region start =2297 end = 3738 (Chart Function Logs)
2023-07-28 08:30:05 | FastAPI | DEBUG : -------------------------------------------- (Chart Function Logs)
2023-07-28 08:30:05 | FastAPI | DEBUG : plot CPU (Chart Function Logs)
2023-07-28 08:30:05 | FastAPI | DEBUG : plot %user (Chart Function Logs)
2023-07-28 08:30:05 | FastAPI | DEBUG : plot %nice (Chart Function Logs)
2023-07-28 08:30:05 | FastAPI | DEBUG : plot %system (Chart Function Logs)
2023-07-28 08:30:05 | FastAPI | DEBUG : plot %iowait (Chart Function Logs)
2023-07-28 08:30:05 | FastAPI | DEBUG : plot %steal (Chart Function Logs)
2023-07-28 08:30:05 | FastAPI | DEBUG : plot %idle (Chart Function Logs)
2023-07-28 08:30:05 | FastAPI | DEBUG : plot deid (Chart Function Logs)
2023-07-28 08:30:05 | FastAPI | DEBUG : plot 2023-04-12 00:00:00 (Chart Function Logs)
2023-07-28 08:30:05 | FastAPI | DEBUG : output dir =D:\Fastapi\exercise\application\data\usage\deid_cpu_usage (Chart Function Logs)
2023-07-28 08:30:05 | FastAPI | DEBUG : save image =deid_cpu_usage.xlsx_20230414_1.png (Chart Function Logs)
2023-07-28 08:30:06 | FastAPI | DEBUG : date update to 20230415 (Chart Function Logs)
2023-07-28 08:30:06 | FastAPI | DEBUG : Split data region start =3737 end = 5178 (Chart Function Logs)
2023-07-28 08:30:06 | FastAPI | DEBUG : -------------------------------------------- (Chart Function Logs)
2023-07-28 08:30:06 | FastAPI | DEBUG : plot CPU (Chart Function Logs)
2023-07-28 08:30:06 | FastAPI | DEBUG : plot %user (Chart Function Logs)
2023-07-28 08:30:06 | FastAPI | DEBUG : plot %nice (Chart Function Logs)
2023-07-28 08:30:06 | FastAPI | DEBUG : plot %system (Chart Function Logs)
2023-07-28 08:30:06 | FastAPI | DEBUG : plot %iowait (Chart Function Logs)
2023-07-28 08:30:06 | FastAPI | DEBUG : plot %steal (Chart Function Logs)
2023-07-28 08:30:06 | FastAPI | DEBUG : plot %idle (Chart Function Logs)
2023-07-28 08:30:06 | FastAPI | DEBUG : plot deid (Chart Function Logs)
2023-07-28 08:30:06 | FastAPI | DEBUG : plot 2023-04-12 00:00:00 (Chart Function Logs)
2023-07-28 08:30:06 | FastAPI | DEBUG : output dir =D:\Fastapi\exercise\application\data\usage\deid_cpu_usage (Chart Function Logs)
2023-07-28 08:30:06 | FastAPI | DEBUG : save image =deid_cpu_usage.xlsx_20230415_1.png (Chart Function Logs)
2023-07-28 08:30:07 | FastAPI | DEBUG : date update to 20230416 (Chart Function Logs)
2023-07-28 08:30:07 | FastAPI | DEBUG : Split data region start =5177 end = 6618 (Chart Function Logs)
2023-07-28 08:30:07 | FastAPI | DEBUG : -------------------------------------------- (Chart Function Logs)
2023-07-28 08:30:07 | FastAPI | DEBUG : plot CPU (Chart Function Logs)
2023-07-28 08:30:07 | FastAPI | DEBUG : plot %user (Chart Function Logs)
2023-07-28 08:30:07 | FastAPI | DEBUG : plot %nice (Chart Function Logs)
2023-07-28 08:30:07 | FastAPI | DEBUG : plot %system (Chart Function Logs)
2023-07-28 08:30:07 | FastAPI | DEBUG : plot %iowait (Chart Function Logs)
2023-07-28 08:30:07 | FastAPI | DEBUG : plot %steal (Chart Function Logs)
2023-07-28 08:30:07 | FastAPI | DEBUG : plot %idle (Chart Function Logs)
2023-07-28 08:30:07 | FastAPI | DEBUG : plot deid (Chart Function Logs)
2023-07-28 08:30:07 | FastAPI | DEBUG : plot 2023-04-12 00:00:00 (Chart Function Logs)
2023-07-28 08:30:07 | FastAPI | DEBUG : output dir =D:\Fastapi\exercise\application\data\usage\deid_cpu_usage (Chart Function Logs)
2023-07-28 08:30:07 | FastAPI | DEBUG : save image =deid_cpu_usage.xlsx_20230416_1.png (Chart Function Logs)
2023-07-28 08:30:08 | FastAPI | DEBUG : date update to 20230417 (Chart Function Logs)
2023-07-28 08:30:08 | FastAPI | DEBUG : Split data region start =6617 end = 8058 (Chart Function Logs)
2023-07-28 08:30:08 | FastAPI | DEBUG : -------------------------------------------- (Chart Function Logs)
2023-07-28 08:30:08 | FastAPI | DEBUG : plot CPU (Chart Function Logs)
2023-07-28 08:30:08 | FastAPI | DEBUG : plot %user (Chart Function Logs)
2023-07-28 08:30:08 | FastAPI | DEBUG : plot %nice (Chart Function Logs)
2023-07-28 08:30:08 | FastAPI | DEBUG : plot %system (Chart Function Logs)
2023-07-28 08:30:08 | FastAPI | DEBUG : plot %iowait (Chart Function Logs)
2023-07-28 08:30:08 | FastAPI | DEBUG : plot %steal (Chart Function Logs)
2023-07-28 08:30:08 | FastAPI | DEBUG : plot %idle (Chart Function Logs)
2023-07-28 08:30:08 | FastAPI | DEBUG : plot deid (Chart Function Logs)
2023-07-28 08:30:08 | FastAPI | DEBUG : plot 2023-04-12 00:00:00 (Chart Function Logs)
2023-07-28 08:30:08 | FastAPI | DEBUG : output dir =D:\Fastapi\exercise\application\data\usage\deid_cpu_usage (Chart Function Logs)
2023-07-28 08:30:08 | FastAPI | DEBUG : save image =deid_cpu_usage.xlsx_20230417_1.png (Chart Function Logs)
2023-07-28 08:30:08 | FastAPI | DEBUG : date update to 20230418 (Chart Function Logs)
2023-07-28 08:30:08 | FastAPI | DEBUG : Split data region start =8057 end = 9498 (Chart Function Logs)
2023-07-28 08:30:08 | FastAPI | DEBUG : -------------------------------------------- (Chart Function Logs)
2023-07-28 08:30:09 | FastAPI | DEBUG : plot CPU (Chart Function Logs)
2023-07-28 08:30:09 | FastAPI | DEBUG : plot %user (Chart Function Logs)
2023-07-28 08:30:09 | FastAPI | DEBUG : plot %nice (Chart Function Logs)
2023-07-28 08:30:09 | FastAPI | DEBUG : plot %system (Chart Function Logs)
2023-07-28 08:30:09 | FastAPI | DEBUG : plot %iowait (Chart Function Logs)
2023-07-28 08:30:09 | FastAPI | DEBUG : plot %steal (Chart Function Logs)
2023-07-28 08:30:09 | FastAPI | DEBUG : plot %idle (Chart Function Logs)
2023-07-28 08:30:09 | FastAPI | DEBUG : plot deid (Chart Function Logs)
2023-07-28 08:30:09 | FastAPI | DEBUG : plot 2023-04-12 00:00:00 (Chart Function Logs)
2023-07-28 08:30:09 | FastAPI | DEBUG : output dir =D:\Fastapi\exercise\application\data\usage\deid_cpu_usage (Chart Function Logs)
2023-07-28 08:30:09 | FastAPI | DEBUG : save image =deid_cpu_usage.xlsx_20230418_1.png (Chart Function Logs)
2023-07-28 08:30:09 | FastAPI | DEBUG : date update to 20230419 (Chart Function Logs)
2023-07-28 08:30:09 | FastAPI | DEBUG : Split data region start =9497 end = 10938 (Chart Function Logs)
2023-07-28 08:30:09 | FastAPI | DEBUG : -------------------------------------------- (Chart Function Logs)
2023-07-28 08:30:09 | FastAPI | DEBUG : plot CPU (Chart Function Logs)
2023-07-28 08:30:09 | FastAPI | DEBUG : plot %user (Chart Function Logs)
2023-07-28 08:30:09 | FastAPI | DEBUG : plot %nice (Chart Function Logs)
2023-07-28 08:30:09 | FastAPI | DEBUG : plot %system (Chart Function Logs)
2023-07-28 08:30:10 | FastAPI | DEBUG : plot %iowait (Chart Function Logs)
2023-07-28 08:30:10 | FastAPI | DEBUG : plot %steal (Chart Function Logs)
2023-07-28 08:30:10 | FastAPI | DEBUG : plot %idle (Chart Function Logs)
2023-07-28 08:30:10 | FastAPI | DEBUG : plot deid (Chart Function Logs)
2023-07-28 08:30:10 | FastAPI | DEBUG : plot 2023-04-12 00:00:00 (Chart Function Logs)
2023-07-28 08:30:10 | FastAPI | DEBUG : output dir =D:\Fastapi\exercise\application\data\usage\deid_cpu_usage (Chart Function Logs)
2023-07-28 08:30:10 | FastAPI | DEBUG : save image =deid_cpu_usage.xlsx_20230419_1.png (Chart Function Logs)
2023-07-28 08:30:10 | FastAPI | DEBUG : date update to 20230420 (Chart Function Logs)
2023-07-28 08:30:10 | FastAPI | DEBUG : Split data region start =10937 end = 12378 (Chart Function Logs)
2023-07-28 08:30:10 | FastAPI | DEBUG : -------------------------------------------- (Chart Function Logs)
2023-07-28 08:30:10 | FastAPI | DEBUG : plot CPU (Chart Function Logs)
2023-07-28 08:30:10 | FastAPI | DEBUG : plot %user (Chart Function Logs)
2023-07-28 08:30:10 | FastAPI | DEBUG : plot %nice (Chart Function Logs)
2023-07-28 08:30:10 | FastAPI | DEBUG : plot %system (Chart Function Logs)
2023-07-28 08:30:10 | FastAPI | DEBUG : plot %iowait (Chart Function Logs)
2023-07-28 08:30:10 | FastAPI | DEBUG : plot %steal (Chart Function Logs)
2023-07-28 08:30:10 | FastAPI | DEBUG : plot %idle (Chart Function Logs)
2023-07-28 08:30:11 | FastAPI | DEBUG : plot deid (Chart Function Logs)
2023-07-28 08:30:11 | FastAPI | DEBUG : plot 2023-04-12 00:00:00 (Chart Function Logs)
2023-07-28 08:30:11 | FastAPI | DEBUG : output dir =D:\Fastapi\exercise\application\data\usage\deid_cpu_usage (Chart Function Logs)
2023-07-28 08:30:11 | FastAPI | DEBUG : save image =deid_cpu_usage.xlsx_20230420_1.png (Chart Function Logs)
2023-07-28 08:30:11 | FastAPI | DEBUG : date update to 20230421 (Chart Function Logs)
2023-07-28 08:30:11 | FastAPI | DEBUG : Split data region start =12377 end = 13818 (Chart Function Logs)
2023-07-28 08:30:11 | FastAPI | DEBUG : -------------------------------------------- (Chart Function Logs)
2023-07-28 08:30:11 | FastAPI | DEBUG : plot CPU (Chart Function Logs)
2023-07-28 08:30:11 | FastAPI | DEBUG : plot %user (Chart Function Logs)
2023-07-28 08:30:11 | FastAPI | DEBUG : plot %nice (Chart Function Logs)
2023-07-28 08:30:11 | FastAPI | DEBUG : plot %system (Chart Function Logs)
2023-07-28 08:30:11 | FastAPI | DEBUG : plot %iowait (Chart Function Logs)
2023-07-28 08:30:11 | FastAPI | DEBUG : plot %steal (Chart Function Logs)
2023-07-28 08:30:11 | FastAPI | DEBUG : plot %idle (Chart Function Logs)
2023-07-28 08:30:11 | FastAPI | DEBUG : plot deid (Chart Function Logs)
2023-07-28 08:30:11 | FastAPI | DEBUG : plot 2023-04-12 00:00:00 (Chart Function Logs)
2023-07-28 08:30:12 | FastAPI | DEBUG : output dir =D:\Fastapi\exercise\application\data\usage\deid_cpu_usage (Chart Function Logs)
2023-07-28 08:30:12 | FastAPI | DEBUG : save image =deid_cpu_usage.xlsx_20230421_1.png (Chart Function Logs)
2023-07-28 08:30:12 | FastAPI | DEBUG : date update to 20230422 (Chart Function Logs)
2023-07-28 08:30:12 | FastAPI | DEBUG : Split data region start =13817 end = 15258 (Chart Function Logs)
2023-07-28 08:30:12 | FastAPI | DEBUG : -------------------------------------------- (Chart Function Logs)
2023-07-28 08:30:12 | FastAPI | DEBUG : plot CPU (Chart Function Logs)
2023-07-28 08:30:12 | FastAPI | DEBUG : plot %user (Chart Function Logs)
2023-07-28 08:30:12 | FastAPI | DEBUG : plot %nice (Chart Function Logs)
2023-07-28 08:30:12 | FastAPI | DEBUG : plot %system (Chart Function Logs)
2023-07-28 08:30:12 | FastAPI | DEBUG : plot %iowait (Chart Function Logs)
2023-07-28 08:30:12 | FastAPI | DEBUG : plot %steal (Chart Function Logs)
2023-07-28 08:30:12 | FastAPI | DEBUG : plot %idle (Chart Function Logs)
2023-07-28 08:30:12 | FastAPI | DEBUG : plot deid (Chart Function Logs)
2023-07-28 08:30:12 | FastAPI | DEBUG : plot 2023-04-12 00:00:00 (Chart Function Logs)
2023-07-28 08:30:13 | FastAPI | DEBUG : output dir =D:\Fastapi\exercise\application\data\usage\deid_cpu_usage (Chart Function Logs)
2023-07-28 08:30:13 | FastAPI | DEBUG : save image =deid_cpu_usage.xlsx_20230422_1.png (Chart Function Logs)
2023-07-28 08:30:13 | FastAPI | DEBUG : date update to 20230423 (Chart Function Logs)
2023-07-28 08:30:13 | FastAPI | DEBUG : Split data region start =15257 end = 16698 (Chart Function Logs)
2023-07-28 08:30:13 | FastAPI | DEBUG : -------------------------------------------- (Chart Function Logs)
2023-07-28 08:30:13 | FastAPI | DEBUG : plot CPU (Chart Function Logs)
2023-07-28 08:30:13 | FastAPI | DEBUG : plot %user (Chart Function Logs)
2023-07-28 08:30:13 | FastAPI | DEBUG : plot %nice (Chart Function Logs)
2023-07-28 08:30:13 | FastAPI | DEBUG : plot %system (Chart Function Logs)
2023-07-28 08:30:13 | FastAPI | DEBUG : plot %iowait (Chart Function Logs)
2023-07-28 08:30:13 | FastAPI | DEBUG : plot %steal (Chart Function Logs)
2023-07-28 08:30:13 | FastAPI | DEBUG : plot %idle (Chart Function Logs)
2023-07-28 08:30:13 | FastAPI | DEBUG : plot deid (Chart Function Logs)
2023-07-28 08:30:13 | FastAPI | DEBUG : plot 2023-04-12 00:00:00 (Chart Function Logs)
2023-07-28 08:30:14 | FastAPI | DEBUG : output dir =D:\Fastapi\exercise\application\data\usage\deid_cpu_usage (Chart Function Logs)
2023-07-28 08:30:14 | FastAPI | DEBUG : save image =deid_cpu_usage.xlsx_20230423_1.png (Chart Function Logs)
2023-07-28 08:30:14 | FastAPI | DEBUG : date update to 20230424 (Chart Function Logs)
2023-07-28 08:30:14 | FastAPI | DEBUG : Split data region start =16697 end = 17280 (Chart Function Logs)
2023-07-28 08:30:14 | FastAPI | DEBUG : -------------------------------------------- (Chart Function Logs)
2023-07-28 08:30:14 | FastAPI | DEBUG : plot CPU (Chart Function Logs)
2023-07-28 08:30:14 | FastAPI | DEBUG : plot %user (Chart Function Logs)
2023-07-28 08:30:14 | FastAPI | DEBUG : plot %nice (Chart Function Logs)
2023-07-28 08:30:14 | FastAPI | DEBUG : plot %system (Chart Function Logs)
2023-07-28 08:30:14 | FastAPI | DEBUG : plot %iowait (Chart Function Logs)
2023-07-28 08:30:14 | FastAPI | DEBUG : plot %steal (Chart Function Logs)
2023-07-28 08:30:14 | FastAPI | DEBUG : plot %idle (Chart Function Logs)
2023-07-28 08:30:14 | FastAPI | DEBUG : plot deid (Chart Function Logs)
2023-07-28 08:30:14 | FastAPI | DEBUG : plot 2023-04-12 00:00:00 (Chart Function Logs)
2023-07-28 08:30:15 | FastAPI | DEBUG : output dir =D:\Fastapi\exercise\application\data\usage\deid_cpu_usage (Chart Function Logs)
2023-07-28 08:30:15 | FastAPI | DEBUG : save image =deid_cpu_usage.xlsx_20230424_1.png (Chart Function Logs)
2023-07-28 08:30:15 | FastAPI | DEBUG : date update to 20230425 (Chart Function Logs)
2023-07-28 08:30:15 | FastAPI | DEBUG : read data (Chart Function Logs)
2023-07-28 08:30:15 | FastAPI | DEBUG : read data (Chart Function Logs)
2023-07-28 08:30:15 | FastAPI | DEBUG : read data (Chart Function Logs)
2023-07-28 08:30:15 | FastAPI | DEBUG : read data (Chart Function Logs)
2023-07-28 08:30:15 | FastAPI | DEBUG : read data (Chart Function Logs)
2023-07-28 08:30:15 | FastAPI | DEBUG : read data (Chart Function Logs)
2023-07-28 08:30:15 | FastAPI | DEBUG : read data (Chart Function Logs)
2023-07-28 08:30:15 | FastAPI | DEBUG : read data (Chart Function Logs)
2023-07-28 08:30:15 | FastAPI | DEBUG : read data (Chart Function Logs)
2023-07-28 08:30:15 | FastAPI | DEBUG : read data (Chart Function Logs)
2023-07-28 08:30:15 | FastAPI | DEBUG : read data (Chart Function Logs)
2023-07-28 08:30:15 | FastAPI | DEBUG : read data (Chart Function Logs)
2023-07-28 08:30:15 | FastAPI | DEBUG : read data (Chart Function Logs)
2023-07-28 02:18:44 | FastAPI | INFO : ------------Open Web-----------
 (Main Function)
2023-07-28 02:27:46 | FastAPI | INFO : ------------Open Web-----------
 (Main Function)
2023-07-28 02:28:17 | FastAPI | INFO : ------------Open Web-----------
 (Main Function)
2023-07-28 02:30:17 | FastAPI | INFO : ------------Open Web-----------
 (Main Function)
2023-07-28 02:30:33 | FastAPI | INFO : ------------Open Web-----------
 (Main Function)
2023-07-28 02:37:15 | FastAPI | INFO : ------------Open Web-----------
 (Main Function)
2023-07-28 02:37:31 | FastAPI | INFO : ------------Open Web-----------
 (Main Function)
2023-07-28 02:46:05 | FastAPI | INFO : ------------Open Web-----------
 (Main Function)
2023-07-28 03:02:39 | FastAPI | INFO : ------------Open Web-----------
 (Main Function)
2023-07-28 03:05:56 | FastAPI | INFO : ------------Open Web-----------
 (Main Function)
2023-07-28 03:08:36 | FastAPI | INFO : ------------Open Web-----------
 (Main Function)
2023-07-28 03:13:13 | FastAPI | INFO : ------------Open Web-----------
 (Main Function)
2023-07-28 03:15:47 | FastAPI | INFO : ------------Open Web-----------
 (Main Function)
2023-07-28 03:41:22 | FastAPI | INFO : ------------Open Web-----------
 (Main Function)
