2023-06-27 07:41:25,729 - Main Function - INFO : ------------get_current_username function-----------
2023-06-27 07:41:25,729 - Main Function - DEBUG : input username:12
2023-06-27 07:41:25,729 - Main Function - DEBUG : input password:123
2023-06-27 07:41:25,729 - Main Function - DEBUG : output(credential.username):12

2023-06-27 07:41:25,729 - Main Function - INFO : ------------Open Web-----------

2023-06-27 07:43:15,507 - Main Function - INFO : --------------do function-----------
2023-06-27 07:43:15,507 - Main Function - DEBUG : output = Hello, Welcome to my FastAPI

2023-06-27 07:43:30,320 - User Function - INFO : ---------verify_password function--------------
2023-06-27 07:43:30,320 - User Function - DEBUG : pwd_verfy...
2023-06-27 07:43:30,553 - User Function - INFO : ---------create_access_token function--------------
2023-06-27 07:43:30,553 - User Function - DEBUG : creating...
2023-06-27 07:43:36,164 - Item Function Logs - INFO : ----------secret--------
2023-06-27 07:43:36,164 - Item Function Logs - DEBUG : input :johndoe
2023-06-27 07:43:36,164 - Item Function Logs - DEBUG : output : 
Hello johndoe, Myname is Leo.
Nice to meet you.
My faviorate dessert is chocolate brownie!
Don't tell anyone!!!!!!


2023-06-27 07:43:56,642 - Item Function Logs - INFO : ----------/items/Your_name--------
2023-06-27 07:43:56,642 - Item Function Logs - DEBUG : input :Leo
2023-06-27 07:43:56,642 - Item Function Logs - DEBUG : output : 
Hello Leo, Myname is Leo, Nice to meet you...

2023-06-27 07:44:16,917 - Main Function - INFO : ------------get_current_username function-----------
2023-06-27 07:44:16,917 - Main Function - DEBUG : input username:12
2023-06-27 07:44:16,917 - Main Function - DEBUG : input password:123
2023-06-27 07:44:16,917 - Main Function - DEBUG : output(credential.username):12

2023-06-27 07:44:16,917 - Main Function - INFO : ------------Open Web-----------

2023-06-27 07:44:33,256 - User Function - INFO : ---------verify_password function--------------
2023-06-27 07:44:33,256 - User Function - DEBUG : pwd_verfy...
2023-06-27 07:44:33,467 - User Function - INFO : ---------create_access_token function--------------
2023-06-27 07:44:33,467 - User Function - DEBUG : creating...
2023-06-27 07:44:36,537 - Item Function Logs - INFO : ----------secret--------
2023-06-27 07:44:36,537 - Item Function Logs - DEBUG : input :johndoe
2023-06-27 07:44:36,537 - Item Function Logs - DEBUG : output : 
Hello johndoe, Myname is Leo.
Nice to meet you.
My faviorate dessert is chocolate brownie!
Don't tell anyone!!!!!!


2023-06-27 07:44:48,501 - Class Function Logs - INFO : ----------/Midterm--------
2023-06-27 07:44:48,501 - Class Function Logs - DEBUG : input :Subject : math  Score : 100.0
2023-06-27 07:44:48,501 - Class Function Logs - DEBUG : output = 及格了，分數是 : 100.0

2023-06-27 07:46:54,600 - Main Function - INFO : ------------get_current_username function-----------
2023-06-27 07:46:54,600 - Main Function - DEBUG : input username:12
2023-06-27 07:46:54,600 - Main Function - DEBUG : input password:3123
2023-06-27 07:46:54,600 - Main Function - DEBUG : output(credential.username):12

2023-06-27 07:46:54,601 - Main Function - INFO : ------------Open Web-----------

2023-06-27 07:46:59,004 - Class Function Logs - INFO : ----------/Midterm--------
2023-06-27 07:46:59,004 - Class Function Logs - DEBUG : input :Subject : string  Score : 0.0
2023-06-27 07:46:59,004 - Class Function Logs - DEBUG : output = Fail，分數是 : 0.0

2023-06-27 07:47:06,166 - Main Function - INFO : ------------get_current_username function-----------
2023-06-27 07:47:06,166 - Main Function - DEBUG : input username:12
2023-06-27 07:47:06,166 - Main Function - DEBUG : input password:3123
2023-06-27 07:47:06,166 - Main Function - DEBUG : output(credential.username):12

2023-06-27 07:47:06,167 - Main Function - INFO : ------------Open Web-----------

2023-06-27 07:48:44,034 - Main Function - INFO : ------------get_current_username function-----------
2023-06-27 07:48:44,034 - Main Function - DEBUG : input username:12
2023-06-27 07:48:44,034 - Main Function - DEBUG : input password:3123
2023-06-27 07:48:44,034 - Main Function - DEBUG : output(credential.username):12

2023-06-27 07:48:44,034 - Main Function - INFO : ------------Open Web-----------

2023-06-27 07:54:54,626 - Item Function Logs - INFO : ----------name function--------
2023-06-27 07:54:54,626 - Item Function Logs - DEBUG : input : phone_number = 0913232123 name = Meg
2023-06-27 07:54:54,626 - Item Function Logs - DEBUG : output : 
{"Username": "Meg", "telephone": "0913232123"}

2023-06-27 08:04:29,306 - Main Function - INFO : ------------get_current_username function-----------
2023-06-27 08:04:29,307 - Main Function - DEBUG : input username:12
2023-06-27 08:04:29,307 - Main Function - DEBUG : input password:3123
2023-06-27 08:04:29,307 - Main Function - DEBUG : output(credential.username):12

2023-06-27 08:04:29,307 - Main Function - INFO : ------------Open Web-----------

2023-06-27 08:04:32,516 - Main Function - INFO : --------------do function-----------
2023-06-27 08:04:32,516 - Main Function - DEBUG : output = Hello, Welcome to my FastAPI

2023-06-27 08:04:41,764 - Main Function - INFO : ------------get_current_username function-----------
2023-06-27 08:04:41,764 - Main Function - DEBUG : input username:12
2023-06-27 08:04:41,764 - Main Function - DEBUG : input password:3123
2023-06-27 08:04:41,764 - Main Function - DEBUG : output(credential.username):12

2023-06-27 08:04:41,764 - Main Function - INFO : ------------Open Web-----------

2023-06-30 00:39:46,355 - Main Function - INFO : ------------get_current_username function-----------
2023-06-30 00:39:46,355 - Main Function - DEBUG : input username:123
2023-06-30 00:39:46,355 - Main Function - DEBUG : input password:123
2023-06-30 00:39:46,355 - Main Function - DEBUG : output(credential.username):123

2023-06-30 00:39:46,355 - Main Function - INFO : ------------Open Web-----------

2023-06-30 00:39:58,267 - Main Function - INFO : --------------do function-----------
2023-06-30 00:39:58,267 - Main Function - DEBUG : output = Hello, Welcome to my FastAPI

2023-06-30 09:00:28,630 - Main Function - INFO : ------------get_current_username function-----------
2023-06-30 09:00:28,630 - Main Function - DEBUG : input username:40813
2023-06-30 09:00:28,631 - Main Function - DEBUG : input password:40813
2023-06-30 09:00:28,631 - Main Function - DEBUG : output(credential.username):40813

2023-06-30 09:00:28,631 - Main Function - INFO : ------------Open Web-----------

2023-06-30 09:00:35,968 - Item Function Logs - INFO : ----------name function--------
2023-06-30 09:00:35,968 - Item Function Logs - DEBUG : input : phone_number = 151536 name = efwe
2023-06-30 09:00:35,969 - Item Function Logs - DEBUG : output : 
{"Username": "efwe", "telephone": "151536"}

2023-07-07 00:11:07,242 - Main Function - INFO : ------------get_current_username function-----------
2023-07-07 00:11:07,242 - Main Function - DEBUG : input username:12354
2023-07-07 00:11:07,242 - Main Function - DEBUG : input password:15641
2023-07-07 00:11:07,243 - Main Function - DEBUG : output(credential.username):12354

2023-07-07 00:11:07,243 - Main Function - INFO : ------------Open Web-----------

2023-07-07 00:11:16,538 - Main Function - INFO : ------------get_current_username function-----------
2023-07-07 00:11:16,538 - Main Function - DEBUG : input username:12354
2023-07-07 00:11:16,538 - Main Function - DEBUG : input password:15641
2023-07-07 00:11:16,538 - Main Function - DEBUG : output(credential.username):12354

2023-07-07 00:11:16,538 - Main Function - INFO : ------------Open Web-----------

2023-07-07 00:11:46,396 - User Function - INFO : ---------verify_password function--------------
2023-07-07 00:11:46,397 - User Function - DEBUG : pwd_verfy...
2023-07-07 00:11:52,940 - User Function - INFO : ---------verify_password function--------------
2023-07-07 00:11:52,940 - User Function - DEBUG : pwd_verfy...
2023-07-07 00:11:53,157 - User Function - INFO : ---------create_access_token function--------------
2023-07-07 00:11:53,157 - User Function - DEBUG : creating...
2023-07-07 00:11:56,941 - User Function - INFO : ----------------users/me1 function -------------
2023-07-07 00:11:56,941 - User Function - DEBUG : output:
{"username": "johndoe", "email": "johndoe@example.com", "full_name": "John Doe", "disabled": false, "hashed_password": "$2b$12$EixZaYVK1fsbw1ZfbX3OXePaWxn96p36WQoeG6Lruj3vjPGga31lW"}

2023-07-07 00:34:34,111 - Main Function - INFO : ------------get_current_username function-----------
2023-07-07 00:34:34,112 - Main Function - DEBUG : input username:123
2023-07-07 00:34:34,112 - Main Function - DEBUG : input password:123
2023-07-07 00:34:34,112 - Main Function - DEBUG : output(credential.username):123

2023-07-07 00:34:34,112 - Main Function - INFO : ------------Open Web-----------

2023-07-07 01:07:56,498 - Main Function - INFO : ------------get_current_username function-----------
2023-07-07 01:07:56,498 - Main Function - DEBUG : input username:123
2023-07-07 01:07:56,498 - Main Function - DEBUG : input password:123
2023-07-07 01:07:56,498 - Main Function - DEBUG : output(credential.username):123

2023-07-07 01:07:56,498 - Main Function - INFO : ------------Open Web-----------

2023-07-07 01:08:02,657 - Main Function - INFO : ------------get_current_username function-----------
2023-07-07 01:08:02,657 - Main Function - DEBUG : input username:123
2023-07-07 01:08:02,657 - Main Function - DEBUG : input password:123
2023-07-07 01:08:02,657 - Main Function - DEBUG : output(credential.username):123

2023-07-07 01:08:02,657 - Main Function - INFO : ------------Open Web-----------

