2023-07-18 01:36:22 | FastAPI | INFO : ------------Open Web-----------
 (Main Function)
2023-07-18 01:37:06 | FastAPI | INFO : ------------Open Web-----------
 (Main Function)
2023-07-18 02:04:49 | FastAPI | INFO : ------------Open Web-----------
 (Main Function)
2023-07-18 02:05:06 | FastAPI | INFO : ------------Open Web-----------
 (Main Function)
2023-07-18 02:27:11 | FastAPI | INFO : ------------Open Web-----------
 (Main Function)
2023-07-18 02:27:28 | FastAPI | INFO : --------------Upload_txt function------------- (File Function Logs)
2023-07-18 02:29:22 | FastAPI | INFO : ----------------plot function------------- (Chart Function Logs)
2023-07-18 02:29:22 | FastAPI | DEBUG : input = mem_usage_csv_finish.xlsx date  = 20000101 (Chart Function Logs)
2023-07-18 02:29:23 | FastAPI | DEBUG : read data (Chart Function Logs)
2023-07-18 02:29:23 | FastAPI | DEBUG : figure size  = (12,8) (Chart Function Logs)
2023-07-18 02:29:23 | FastAPI | DEBUG : get column size and column name (Chart Function Logs)
2023-07-18 02:29:23 | FastAPI | DEBUG : Split data region start =1 end = 1439
 (Chart Function Logs)
2023-07-18 02:29:23 | FastAPI | DEBUG : plot kbmemfree (Chart Function Logs)
2023-07-18 02:29:23 | FastAPI | DEBUG : plot kbmemused (Chart Function Logs)
2023-07-18 02:29:23 | FastAPI | DEBUG : plot memused (Chart Function Logs)
2023-07-18 02:29:23 | FastAPI | DEBUG : plot kbbuffers (Chart Function Logs)
2023-07-18 02:29:24 | FastAPI | DEBUG : plot kbcached (Chart Function Logs)
2023-07-18 02:29:24 | FastAPI | DEBUG : plot kbcommit (Chart Function Logs)
2023-07-18 02:29:24 | FastAPI | DEBUG : plot commit (Chart Function Logs)
2023-07-18 02:29:24 | FastAPI | DEBUG : plot kbactive (Chart Function Logs)
2023-07-18 02:29:24 | FastAPI | DEBUG : plot kbinact (Chart Function Logs)
2023-07-18 02:29:24 | FastAPI | DEBUG : plot kbdirty (Chart Function Logs)
2023-07-18 02:29:24 | FastAPI | DEBUG : output dir =/fastapi/application/data/usage (Chart Function Logs)
2023-07-18 02:29:24 | FastAPI | DEBUG : save image =mem_usage_csv_finish.xlsx_20000101_1.png (Chart Function Logs)
2023-07-18 02:29:25 | FastAPI | DEBUG : date update to 20000102 (Chart Function Logs)
2023-07-18 02:29:25 | FastAPI | DEBUG : Split data region start =1440 end = 2879
 (Chart Function Logs)
2023-07-18 02:29:25 | FastAPI | DEBUG : plot kbmemfree (Chart Function Logs)
2023-07-18 02:29:25 | FastAPI | DEBUG : plot kbmemused (Chart Function Logs)
2023-07-18 02:29:25 | FastAPI | DEBUG : plot memused (Chart Function Logs)
2023-07-18 02:29:25 | FastAPI | DEBUG : plot kbbuffers (Chart Function Logs)
2023-07-18 02:29:25 | FastAPI | DEBUG : plot kbcached (Chart Function Logs)
2023-07-18 02:29:25 | FastAPI | DEBUG : plot kbcommit (Chart Function Logs)
2023-07-18 02:29:25 | FastAPI | DEBUG : plot commit (Chart Function Logs)
2023-07-18 02:29:25 | FastAPI | DEBUG : plot kbactive (Chart Function Logs)
2023-07-18 02:29:25 | FastAPI | DEBUG : plot kbinact (Chart Function Logs)
2023-07-18 02:29:25 | FastAPI | DEBUG : plot kbdirty (Chart Function Logs)
2023-07-18 02:29:26 | FastAPI | DEBUG : output dir =/fastapi/application/data/usage (Chart Function Logs)
2023-07-18 02:29:26 | FastAPI | DEBUG : save image =mem_usage_csv_finish.xlsx_20000102_1.png (Chart Function Logs)
2023-07-18 02:29:26 | FastAPI | DEBUG : date update to 20000103 (Chart Function Logs)
2023-07-18 02:29:26 | FastAPI | DEBUG : Split data region start =2880 end = 4319
 (Chart Function Logs)
2023-07-18 02:29:26 | FastAPI | DEBUG : plot kbmemfree (Chart Function Logs)
2023-07-18 02:29:26 | FastAPI | DEBUG : plot kbmemused (Chart Function Logs)
2023-07-18 02:29:26 | FastAPI | DEBUG : plot memused (Chart Function Logs)
2023-07-18 02:29:26 | FastAPI | DEBUG : plot kbbuffers (Chart Function Logs)
2023-07-18 02:29:26 | FastAPI | DEBUG : plot kbcached (Chart Function Logs)
2023-07-18 02:29:26 | FastAPI | DEBUG : plot kbcommit (Chart Function Logs)
2023-07-18 02:29:26 | FastAPI | DEBUG : plot commit (Chart Function Logs)
2023-07-18 02:29:26 | FastAPI | DEBUG : plot kbactive (Chart Function Logs)
2023-07-18 02:29:26 | FastAPI | DEBUG : plot kbinact (Chart Function Logs)
2023-07-18 02:29:26 | FastAPI | DEBUG : plot kbdirty (Chart Function Logs)
2023-07-18 02:29:27 | FastAPI | DEBUG : output dir =/fastapi/application/data/usage (Chart Function Logs)
2023-07-18 02:29:27 | FastAPI | DEBUG : save image =mem_usage_csv_finish.xlsx_20000103_1.png (Chart Function Logs)
2023-07-18 02:29:27 | FastAPI | DEBUG : date update to 20000104 (Chart Function Logs)
2023-07-18 02:29:27 | FastAPI | DEBUG : Split data region start =4320 end = 5759
 (Chart Function Logs)
2023-07-18 02:29:28 | FastAPI | DEBUG : plot kbmemfree (Chart Function Logs)
2023-07-18 02:29:28 | FastAPI | DEBUG : plot kbmemused (Chart Function Logs)
2023-07-18 02:29:28 | FastAPI | DEBUG : plot memused (Chart Function Logs)
2023-07-18 02:29:28 | FastAPI | DEBUG : plot kbbuffers (Chart Function Logs)
2023-07-18 02:29:28 | FastAPI | DEBUG : plot kbcached (Chart Function Logs)
2023-07-18 02:29:28 | FastAPI | DEBUG : plot kbcommit (Chart Function Logs)
2023-07-18 02:29:28 | FastAPI | DEBUG : plot commit (Chart Function Logs)
2023-07-18 02:29:28 | FastAPI | DEBUG : plot kbactive (Chart Function Logs)
2023-07-18 02:29:28 | FastAPI | DEBUG : plot kbinact (Chart Function Logs)
2023-07-18 02:29:28 | FastAPI | DEBUG : plot kbdirty (Chart Function Logs)
2023-07-18 02:29:29 | FastAPI | DEBUG : output dir =/fastapi/application/data/usage (Chart Function Logs)
2023-07-18 02:29:29 | FastAPI | DEBUG : save image =mem_usage_csv_finish.xlsx_20000104_1.png (Chart Function Logs)
2023-07-18 02:29:29 | FastAPI | DEBUG : date update to 20000105 (Chart Function Logs)
2023-07-18 02:29:29 | FastAPI | DEBUG : Split data region start =5760 end = 7199
 (Chart Function Logs)
2023-07-18 02:29:29 | FastAPI | DEBUG : plot kbmemfree (Chart Function Logs)
2023-07-18 02:29:29 | FastAPI | DEBUG : plot kbmemused (Chart Function Logs)
2023-07-18 02:29:29 | FastAPI | DEBUG : plot memused (Chart Function Logs)
2023-07-18 02:29:29 | FastAPI | DEBUG : plot kbbuffers (Chart Function Logs)
2023-07-18 02:29:29 | FastAPI | DEBUG : plot kbcached (Chart Function Logs)
2023-07-18 02:29:29 | FastAPI | DEBUG : plot kbcommit (Chart Function Logs)
2023-07-18 02:29:29 | FastAPI | DEBUG : plot commit (Chart Function Logs)
2023-07-18 02:29:29 | FastAPI | DEBUG : plot kbactive (Chart Function Logs)
2023-07-18 02:29:29 | FastAPI | DEBUG : plot kbinact (Chart Function Logs)
2023-07-18 02:29:29 | FastAPI | DEBUG : plot kbdirty (Chart Function Logs)
2023-07-18 02:29:30 | FastAPI | DEBUG : output dir =/fastapi/application/data/usage (Chart Function Logs)
2023-07-18 02:29:30 | FastAPI | DEBUG : save image =mem_usage_csv_finish.xlsx_20000105_1.png (Chart Function Logs)
2023-07-18 02:29:30 | FastAPI | DEBUG : date update to 20000106 (Chart Function Logs)
2023-07-18 02:29:30 | FastAPI | DEBUG : Split data region start =7200 end = 8639
 (Chart Function Logs)
2023-07-18 02:29:30 | FastAPI | DEBUG : plot kbmemfree (Chart Function Logs)
2023-07-18 02:29:30 | FastAPI | DEBUG : plot kbmemused (Chart Function Logs)
2023-07-18 02:29:30 | FastAPI | DEBUG : plot memused (Chart Function Logs)
2023-07-18 02:29:30 | FastAPI | DEBUG : plot kbbuffers (Chart Function Logs)
2023-07-18 02:29:30 | FastAPI | DEBUG : plot kbcached (Chart Function Logs)
2023-07-18 02:29:30 | FastAPI | DEBUG : plot kbcommit (Chart Function Logs)
2023-07-18 02:29:30 | FastAPI | DEBUG : plot commit (Chart Function Logs)
2023-07-18 02:29:30 | FastAPI | DEBUG : plot kbactive (Chart Function Logs)
2023-07-18 02:29:30 | FastAPI | DEBUG : plot kbinact (Chart Function Logs)
2023-07-18 02:29:30 | FastAPI | DEBUG : plot kbdirty (Chart Function Logs)
2023-07-18 02:29:31 | FastAPI | DEBUG : output dir =/fastapi/application/data/usage (Chart Function Logs)
2023-07-18 02:29:31 | FastAPI | DEBUG : save image =mem_usage_csv_finish.xlsx_20000106_1.png (Chart Function Logs)
2023-07-18 02:29:31 | FastAPI | DEBUG : date update to 20000107 (Chart Function Logs)
2023-07-18 02:29:32 | FastAPI | DEBUG : Split data region start =8640 end = 10079
 (Chart Function Logs)
2023-07-18 02:29:32 | FastAPI | DEBUG : plot kbmemfree (Chart Function Logs)
2023-07-18 02:29:32 | FastAPI | DEBUG : plot kbmemused (Chart Function Logs)
2023-07-18 02:29:32 | FastAPI | DEBUG : plot memused (Chart Function Logs)
2023-07-18 02:29:32 | FastAPI | DEBUG : plot kbbuffers (Chart Function Logs)
2023-07-18 02:29:32 | FastAPI | DEBUG : plot kbcached (Chart Function Logs)
2023-07-18 02:29:32 | FastAPI | DEBUG : plot kbcommit (Chart Function Logs)
2023-07-18 02:29:32 | FastAPI | DEBUG : plot commit (Chart Function Logs)
2023-07-18 02:29:32 | FastAPI | DEBUG : plot kbactive (Chart Function Logs)
2023-07-18 02:29:32 | FastAPI | DEBUG : plot kbinact (Chart Function Logs)
2023-07-18 02:29:32 | FastAPI | DEBUG : plot kbdirty (Chart Function Logs)
2023-07-18 02:29:33 | FastAPI | DEBUG : output dir =/fastapi/application/data/usage (Chart Function Logs)
2023-07-18 02:29:33 | FastAPI | DEBUG : save image =mem_usage_csv_finish.xlsx_20000107_1.png (Chart Function Logs)
2023-07-18 02:29:33 | FastAPI | DEBUG : date update to 20000108 (Chart Function Logs)
2023-07-18 02:29:33 | FastAPI | DEBUG : Split data region start =10080 end = 11518
 (Chart Function Logs)
2023-07-18 02:29:33 | FastAPI | DEBUG : plot kbmemfree (Chart Function Logs)
2023-07-18 02:29:33 | FastAPI | DEBUG : plot kbmemused (Chart Function Logs)
2023-07-18 02:29:33 | FastAPI | DEBUG : plot memused (Chart Function Logs)
2023-07-18 02:29:33 | FastAPI | DEBUG : plot kbbuffers (Chart Function Logs)
2023-07-18 02:29:33 | FastAPI | DEBUG : plot kbcached (Chart Function Logs)
2023-07-18 02:29:33 | FastAPI | DEBUG : plot kbcommit (Chart Function Logs)
2023-07-18 02:29:33 | FastAPI | DEBUG : plot commit (Chart Function Logs)
2023-07-18 02:29:33 | FastAPI | DEBUG : plot kbactive (Chart Function Logs)
2023-07-18 02:29:33 | FastAPI | DEBUG : plot kbinact (Chart Function Logs)
2023-07-18 02:29:33 | FastAPI | DEBUG : plot kbdirty (Chart Function Logs)
2023-07-18 02:29:34 | FastAPI | DEBUG : output dir =/fastapi/application/data/usage (Chart Function Logs)
2023-07-18 02:29:34 | FastAPI | DEBUG : save image =mem_usage_csv_finish.xlsx_20000108_1.png (Chart Function Logs)
2023-07-18 02:29:34 | FastAPI | DEBUG : date update to 20000109 (Chart Function Logs)
2023-07-18 02:29:34 | FastAPI | DEBUG : Split data region start =11519 end = 12958
 (Chart Function Logs)
2023-07-18 02:29:34 | FastAPI | DEBUG : plot kbmemfree (Chart Function Logs)
2023-07-18 02:29:34 | FastAPI | DEBUG : plot kbmemused (Chart Function Logs)
2023-07-18 02:29:34 | FastAPI | DEBUG : plot memused (Chart Function Logs)
2023-07-18 02:29:34 | FastAPI | DEBUG : plot kbbuffers (Chart Function Logs)
2023-07-18 02:29:34 | FastAPI | DEBUG : plot kbcached (Chart Function Logs)
2023-07-18 02:29:34 | FastAPI | DEBUG : plot kbcommit (Chart Function Logs)
2023-07-18 02:29:34 | FastAPI | DEBUG : plot commit (Chart Function Logs)
2023-07-18 02:29:34 | FastAPI | DEBUG : plot kbactive (Chart Function Logs)
2023-07-18 02:29:35 | FastAPI | DEBUG : plot kbinact (Chart Function Logs)
2023-07-18 02:29:35 | FastAPI | DEBUG : plot kbdirty (Chart Function Logs)
2023-07-18 02:29:35 | FastAPI | DEBUG : output dir =/fastapi/application/data/usage (Chart Function Logs)
2023-07-18 02:29:35 | FastAPI | DEBUG : save image =mem_usage_csv_finish.xlsx_20000109_1.png (Chart Function Logs)
2023-07-18 02:29:36 | FastAPI | DEBUG : date update to 20000110 (Chart Function Logs)
2023-07-18 02:29:36 | FastAPI | DEBUG : Split data region start =12959 end = 14398
 (Chart Function Logs)
2023-07-18 02:29:36 | FastAPI | DEBUG : plot kbmemfree (Chart Function Logs)
2023-07-18 02:29:36 | FastAPI | DEBUG : plot kbmemused (Chart Function Logs)
2023-07-18 02:29:36 | FastAPI | DEBUG : plot memused (Chart Function Logs)
2023-07-18 02:29:36 | FastAPI | DEBUG : plot kbbuffers (Chart Function Logs)
2023-07-18 02:29:36 | FastAPI | DEBUG : plot kbcached (Chart Function Logs)
2023-07-18 02:29:36 | FastAPI | DEBUG : plot kbcommit (Chart Function Logs)
2023-07-18 02:29:36 | FastAPI | DEBUG : plot commit (Chart Function Logs)
2023-07-18 02:29:36 | FastAPI | DEBUG : plot kbactive (Chart Function Logs)
2023-07-18 02:29:36 | FastAPI | DEBUG : plot kbinact (Chart Function Logs)
2023-07-18 02:29:36 | FastAPI | DEBUG : plot kbdirty (Chart Function Logs)
2023-07-18 02:29:37 | FastAPI | DEBUG : output dir =/fastapi/application/data/usage (Chart Function Logs)
2023-07-18 02:29:37 | FastAPI | DEBUG : save image =mem_usage_csv_finish.xlsx_20000110_1.png (Chart Function Logs)
2023-07-18 02:29:37 | FastAPI | DEBUG : date update to 20000111 (Chart Function Logs)
2023-07-18 02:29:37 | FastAPI | DEBUG : Split data region start =14399 end = 15837
 (Chart Function Logs)
2023-07-18 02:29:37 | FastAPI | DEBUG : plot kbmemfree (Chart Function Logs)
2023-07-18 02:29:37 | FastAPI | DEBUG : plot kbmemused (Chart Function Logs)
2023-07-18 02:29:37 | FastAPI | DEBUG : plot memused (Chart Function Logs)
2023-07-18 02:29:37 | FastAPI | DEBUG : plot kbbuffers (Chart Function Logs)
2023-07-18 02:29:37 | FastAPI | DEBUG : plot kbcached (Chart Function Logs)
2023-07-18 02:29:37 | FastAPI | DEBUG : plot kbcommit (Chart Function Logs)
2023-07-18 02:29:37 | FastAPI | DEBUG : plot commit (Chart Function Logs)
2023-07-18 02:29:37 | FastAPI | DEBUG : plot kbactive (Chart Function Logs)
2023-07-18 02:29:37 | FastAPI | DEBUG : plot kbinact (Chart Function Logs)
2023-07-18 02:29:37 | FastAPI | DEBUG : plot kbdirty (Chart Function Logs)
2023-07-18 02:29:38 | FastAPI | DEBUG : output dir =/fastapi/application/data/usage (Chart Function Logs)
2023-07-18 02:29:38 | FastAPI | DEBUG : save image =mem_usage_csv_finish.xlsx_20000111_1.png (Chart Function Logs)
2023-07-18 02:29:38 | FastAPI | DEBUG : date update to 20000112 (Chart Function Logs)
2023-07-18 02:49:11 | FastAPI | INFO : ------------Open Web-----------
 (Main Function)
2023-07-18 02:49:24 | FastAPI | INFO : --------------Upload_txt function------------- (File Function Logs)
2023-07-18 02:49:29 | FastAPI | INFO : ---------txt_to_csv_all Function--------- (File Function Logs)
2023-07-18 02:49:29 | FastAPI | DEBUG : Open file and readlins finished (File Function Logs)
2023-07-18 02:49:29 | FastAPI | DEBUG : Dealing with data (File Function Logs)
2023-07-18 02:49:29 | FastAPI | DEBUG : Complete transfer data to DataFrame (File Function Logs)
2023-07-18 02:49:29 | FastAPI | DEBUG : Saving mem_usage (1).log.csv file (File Function Logs)
2023-07-18 02:49:29 | FastAPI | DEBUG : Saving mem_usage (1).log.xlsx file (File Function Logs)
2023-07-18 02:49:34 | FastAPI | DEBUG : Finish saving files (File Function Logs)
2023-07-18 02:49:34 | FastAPI | DEBUG : mem_usage (1).log moved to /fastapi/application/data/txt/finished/mem_usage (1).log (File Function Logs)
2023-07-18 02:49:34 | FastAPI | DEBUG : Open file and readlins finished (File Function Logs)
2023-07-18 02:49:34 | FastAPI | DEBUG : Dealing with data (File Function Logs)
2023-07-18 02:49:34 | FastAPI | DEBUG : Complete transfer data to DataFrame (File Function Logs)
2023-07-18 02:49:34 | FastAPI | DEBUG : Saving cpu_usage.log.csv file (File Function Logs)
2023-07-18 02:49:34 | FastAPI | DEBUG : Saving cpu_usage.log.xlsx file (File Function Logs)
2023-07-18 02:49:38 | FastAPI | DEBUG : Finish saving files (File Function Logs)
2023-07-18 02:49:38 | FastAPI | DEBUG : cpu_usage.log moved to /fastapi/application/data/txt/finished/cpu_usage.log (File Function Logs)
2023-07-18 02:49:38 | FastAPI | DEBUG : Transfile :['mem_usage (1).log', 'cpu_usage.log'] (File Function Logs)
2023-07-18 02:49:50 | FastAPI | INFO : ---------GetFile Function--------- (File Function Logs)
2023-07-18 02:49:50 | FastAPI | DEBUG : input = cpu_usage.log (File Function Logs)
2023-07-18 02:49:50 | FastAPI | DEBUG : File Exist, file_path = /fastapi/application/data/txt/finished/cpu_usage.log (File Function Logs)
2023-07-18 02:49:59 | FastAPI | INFO : ---------GetFile Function--------- (File Function Logs)
2023-07-18 02:49:59 | FastAPI | DEBUG : input = cpu_usage.log.csv (File Function Logs)
2023-07-18 02:49:59 | FastAPI | DEBUG : File Exist, file_path = /fastapi/application/data/csv_xlsx/cpu_usage.log.csv (File Function Logs)
2023-07-18 02:50:14 | FastAPI | INFO : ---------txt_to_csv_all Function--------- (File Function Logs)
2023-07-18 02:50:14 | FastAPI | DEBUG : No data exist (File Function Logs)
2023-07-18 02:50:29 | FastAPI | INFO : ----------------plot function------------- (Chart Function Logs)
2023-07-18 02:50:29 | FastAPI | DEBUG : input = mem_usage_csv_finish.xlsx date  = 20000101 (Chart Function Logs)
2023-07-18 02:50:30 | FastAPI | DEBUG : read data (Chart Function Logs)
2023-07-18 02:50:30 | FastAPI | DEBUG : figure size  = (12,8) (Chart Function Logs)
2023-07-18 02:50:30 | FastAPI | DEBUG : get column size and column name (Chart Function Logs)
2023-07-18 02:50:30 | FastAPI | DEBUG : Split data region start =1 end = 1439
 (Chart Function Logs)
2023-07-18 02:50:31 | FastAPI | DEBUG : plot kbmemfree (Chart Function Logs)
2023-07-18 02:50:31 | FastAPI | DEBUG : plot kbmemused (Chart Function Logs)
2023-07-18 02:50:31 | FastAPI | DEBUG : plot memused (Chart Function Logs)
2023-07-18 02:50:31 | FastAPI | DEBUG : plot kbbuffers (Chart Function Logs)
2023-07-18 02:50:31 | FastAPI | DEBUG : plot kbcached (Chart Function Logs)
2023-07-18 02:50:31 | FastAPI | DEBUG : plot kbcommit (Chart Function Logs)
2023-07-18 02:50:31 | FastAPI | DEBUG : plot commit (Chart Function Logs)
2023-07-18 02:50:31 | FastAPI | DEBUG : plot kbactive (Chart Function Logs)
2023-07-18 02:50:31 | FastAPI | DEBUG : plot kbinact (Chart Function Logs)
2023-07-18 02:50:31 | FastAPI | DEBUG : plot kbdirty (Chart Function Logs)
2023-07-18 02:50:32 | FastAPI | DEBUG : output dir =/fastapi/application/data/usage (Chart Function Logs)
2023-07-18 02:50:32 | FastAPI | DEBUG : save image =mem_usage_csv_finish.xlsx_20000101_1.png (Chart Function Logs)
2023-07-18 02:50:32 | FastAPI | DEBUG : date update to 20000102 (Chart Function Logs)
2023-07-18 02:50:32 | FastAPI | DEBUG : Split data region start =1440 end = 2879
 (Chart Function Logs)
2023-07-18 02:50:32 | FastAPI | DEBUG : plot kbmemfree (Chart Function Logs)
2023-07-18 02:50:32 | FastAPI | DEBUG : plot kbmemused (Chart Function Logs)
2023-07-18 02:50:32 | FastAPI | DEBUG : plot memused (Chart Function Logs)
2023-07-18 02:50:32 | FastAPI | DEBUG : plot kbbuffers (Chart Function Logs)
2023-07-18 02:50:32 | FastAPI | DEBUG : plot kbcached (Chart Function Logs)
2023-07-18 02:50:32 | FastAPI | DEBUG : plot kbcommit (Chart Function Logs)
2023-07-18 02:50:32 | FastAPI | DEBUG : plot commit (Chart Function Logs)
2023-07-18 02:50:32 | FastAPI | DEBUG : plot kbactive (Chart Function Logs)
2023-07-18 02:50:32 | FastAPI | DEBUG : plot kbinact (Chart Function Logs)
2023-07-18 02:50:32 | FastAPI | DEBUG : plot kbdirty (Chart Function Logs)
2023-07-18 02:50:33 | FastAPI | DEBUG : output dir =/fastapi/application/data/usage (Chart Function Logs)
2023-07-18 02:50:33 | FastAPI | DEBUG : save image =mem_usage_csv_finish.xlsx_20000102_1.png (Chart Function Logs)
2023-07-18 02:50:33 | FastAPI | DEBUG : date update to 20000103 (Chart Function Logs)
2023-07-18 02:50:33 | FastAPI | DEBUG : Split data region start =2880 end = 4319
 (Chart Function Logs)
2023-07-18 02:50:33 | FastAPI | DEBUG : plot kbmemfree (Chart Function Logs)
2023-07-18 02:50:33 | FastAPI | DEBUG : plot kbmemused (Chart Function Logs)
2023-07-18 02:50:33 | FastAPI | DEBUG : plot memused (Chart Function Logs)
2023-07-18 02:50:33 | FastAPI | DEBUG : plot kbbuffers (Chart Function Logs)
2023-07-18 02:50:33 | FastAPI | DEBUG : plot kbcached (Chart Function Logs)
2023-07-18 02:50:33 | FastAPI | DEBUG : plot kbcommit (Chart Function Logs)
2023-07-18 02:50:33 | FastAPI | DEBUG : plot commit (Chart Function Logs)
2023-07-18 02:50:33 | FastAPI | DEBUG : plot kbactive (Chart Function Logs)
2023-07-18 02:50:33 | FastAPI | DEBUG : plot kbinact (Chart Function Logs)
2023-07-18 02:50:33 | FastAPI | DEBUG : plot kbdirty (Chart Function Logs)
2023-07-18 02:50:34 | FastAPI | DEBUG : output dir =/fastapi/application/data/usage (Chart Function Logs)
2023-07-18 02:50:34 | FastAPI | DEBUG : save image =mem_usage_csv_finish.xlsx_20000103_1.png (Chart Function Logs)
2023-07-18 02:50:35 | FastAPI | DEBUG : date update to 20000104 (Chart Function Logs)
2023-07-18 02:50:35 | FastAPI | DEBUG : Split data region start =4320 end = 5759
 (Chart Function Logs)
2023-07-18 02:50:35 | FastAPI | DEBUG : plot kbmemfree (Chart Function Logs)
2023-07-18 02:50:35 | FastAPI | DEBUG : plot kbmemused (Chart Function Logs)
2023-07-18 02:50:35 | FastAPI | DEBUG : plot memused (Chart Function Logs)
2023-07-18 02:50:35 | FastAPI | DEBUG : plot kbbuffers (Chart Function Logs)
2023-07-18 02:50:35 | FastAPI | DEBUG : plot kbcached (Chart Function Logs)
2023-07-18 02:50:35 | FastAPI | DEBUG : plot kbcommit (Chart Function Logs)
2023-07-18 02:50:35 | FastAPI | DEBUG : plot commit (Chart Function Logs)
2023-07-18 02:50:35 | FastAPI | DEBUG : plot kbactive (Chart Function Logs)
2023-07-18 02:50:35 | FastAPI | DEBUG : plot kbinact (Chart Function Logs)
2023-07-18 02:50:35 | FastAPI | DEBUG : plot kbdirty (Chart Function Logs)
2023-07-18 02:50:36 | FastAPI | DEBUG : output dir =/fastapi/application/data/usage (Chart Function Logs)
2023-07-18 02:50:36 | FastAPI | DEBUG : save image =mem_usage_csv_finish.xlsx_20000104_1.png (Chart Function Logs)
2023-07-18 02:50:36 | FastAPI | DEBUG : date update to 20000105 (Chart Function Logs)
2023-07-18 02:50:36 | FastAPI | DEBUG : Split data region start =5760 end = 7199
 (Chart Function Logs)
2023-07-18 02:50:36 | FastAPI | DEBUG : plot kbmemfree (Chart Function Logs)
2023-07-18 02:50:36 | FastAPI | DEBUG : plot kbmemused (Chart Function Logs)
2023-07-18 02:50:36 | FastAPI | DEBUG : plot memused (Chart Function Logs)
2023-07-18 02:50:36 | FastAPI | DEBUG : plot kbbuffers (Chart Function Logs)
2023-07-18 02:50:36 | FastAPI | DEBUG : plot kbcached (Chart Function Logs)
2023-07-18 02:50:36 | FastAPI | DEBUG : plot kbcommit (Chart Function Logs)
2023-07-18 02:50:36 | FastAPI | DEBUG : plot commit (Chart Function Logs)
2023-07-18 02:50:36 | FastAPI | DEBUG : plot kbactive (Chart Function Logs)
2023-07-18 02:50:36 | FastAPI | DEBUG : plot kbinact (Chart Function Logs)
2023-07-18 02:50:36 | FastAPI | DEBUG : plot kbdirty (Chart Function Logs)
2023-07-18 02:50:37 | FastAPI | DEBUG : output dir =/fastapi/application/data/usage (Chart Function Logs)
2023-07-18 02:50:37 | FastAPI | DEBUG : save image =mem_usage_csv_finish.xlsx_20000105_1.png (Chart Function Logs)
2023-07-18 02:50:37 | FastAPI | DEBUG : date update to 20000106 (Chart Function Logs)
2023-07-18 02:50:37 | FastAPI | DEBUG : Split data region start =7200 end = 8639
 (Chart Function Logs)
2023-07-18 02:50:37 | FastAPI | DEBUG : plot kbmemfree (Chart Function Logs)
2023-07-18 02:50:37 | FastAPI | DEBUG : plot kbmemused (Chart Function Logs)
2023-07-18 02:50:37 | FastAPI | DEBUG : plot memused (Chart Function Logs)
2023-07-18 02:50:37 | FastAPI | DEBUG : plot kbbuffers (Chart Function Logs)
2023-07-18 02:50:37 | FastAPI | DEBUG : plot kbcached (Chart Function Logs)
2023-07-18 02:50:37 | FastAPI | DEBUG : plot kbcommit (Chart Function Logs)
2023-07-18 02:50:37 | FastAPI | DEBUG : plot commit (Chart Function Logs)
2023-07-18 02:50:37 | FastAPI | DEBUG : plot kbactive (Chart Function Logs)
2023-07-18 02:50:37 | FastAPI | DEBUG : plot kbinact (Chart Function Logs)
2023-07-18 02:50:38 | FastAPI | DEBUG : plot kbdirty (Chart Function Logs)
2023-07-18 02:50:38 | FastAPI | DEBUG : output dir =/fastapi/application/data/usage (Chart Function Logs)
2023-07-18 02:50:38 | FastAPI | DEBUG : save image =mem_usage_csv_finish.xlsx_20000106_1.png (Chart Function Logs)
2023-07-18 02:50:39 | FastAPI | DEBUG : date update to 20000107 (Chart Function Logs)
2023-07-18 02:50:39 | FastAPI | DEBUG : Split data region start =8640 end = 10079
 (Chart Function Logs)
2023-07-18 02:50:39 | FastAPI | DEBUG : plot kbmemfree (Chart Function Logs)
2023-07-18 02:50:39 | FastAPI | DEBUG : plot kbmemused (Chart Function Logs)
2023-07-18 02:50:39 | FastAPI | DEBUG : plot memused (Chart Function Logs)
2023-07-18 02:50:39 | FastAPI | DEBUG : plot kbbuffers (Chart Function Logs)
2023-07-18 02:50:39 | FastAPI | DEBUG : plot kbcached (Chart Function Logs)
2023-07-18 02:50:39 | FastAPI | DEBUG : plot kbcommit (Chart Function Logs)
2023-07-18 02:50:39 | FastAPI | DEBUG : plot commit (Chart Function Logs)
2023-07-18 02:50:39 | FastAPI | DEBUG : plot kbactive (Chart Function Logs)
2023-07-18 02:50:39 | FastAPI | DEBUG : plot kbinact (Chart Function Logs)
2023-07-18 02:50:39 | FastAPI | DEBUG : plot kbdirty (Chart Function Logs)
2023-07-18 02:50:40 | FastAPI | DEBUG : output dir =/fastapi/application/data/usage (Chart Function Logs)
2023-07-18 02:50:40 | FastAPI | DEBUG : save image =mem_usage_csv_finish.xlsx_20000107_1.png (Chart Function Logs)
2023-07-18 02:50:40 | FastAPI | DEBUG : date update to 20000108 (Chart Function Logs)
2023-07-18 02:50:40 | FastAPI | DEBUG : Split data region start =10080 end = 11518
 (Chart Function Logs)
2023-07-18 02:50:40 | FastAPI | DEBUG : plot kbmemfree (Chart Function Logs)
2023-07-18 02:50:40 | FastAPI | DEBUG : plot kbmemused (Chart Function Logs)
2023-07-18 02:50:40 | FastAPI | DEBUG : plot memused (Chart Function Logs)
2023-07-18 02:50:40 | FastAPI | DEBUG : plot kbbuffers (Chart Function Logs)
2023-07-18 02:50:40 | FastAPI | DEBUG : plot kbcached (Chart Function Logs)
2023-07-18 02:50:40 | FastAPI | DEBUG : plot kbcommit (Chart Function Logs)
2023-07-18 02:50:40 | FastAPI | DEBUG : plot commit (Chart Function Logs)
2023-07-18 02:50:40 | FastAPI | DEBUG : plot kbactive (Chart Function Logs)
2023-07-18 02:50:40 | FastAPI | DEBUG : plot kbinact (Chart Function Logs)
2023-07-18 02:50:40 | FastAPI | DEBUG : plot kbdirty (Chart Function Logs)
2023-07-18 02:50:41 | FastAPI | DEBUG : output dir =/fastapi/application/data/usage (Chart Function Logs)
2023-07-18 02:50:41 | FastAPI | DEBUG : save image =mem_usage_csv_finish.xlsx_20000108_1.png (Chart Function Logs)
2023-07-18 02:50:41 | FastAPI | DEBUG : date update to 20000109 (Chart Function Logs)
2023-07-18 02:50:41 | FastAPI | DEBUG : Split data region start =11519 end = 12958
 (Chart Function Logs)
2023-07-18 02:50:41 | FastAPI | DEBUG : plot kbmemfree (Chart Function Logs)
2023-07-18 02:50:41 | FastAPI | DEBUG : plot kbmemused (Chart Function Logs)
2023-07-18 02:50:41 | FastAPI | DEBUG : plot memused (Chart Function Logs)
2023-07-18 02:50:41 | FastAPI | DEBUG : plot kbbuffers (Chart Function Logs)
2023-07-18 02:50:41 | FastAPI | DEBUG : plot kbcached (Chart Function Logs)
2023-07-18 02:50:41 | FastAPI | DEBUG : plot kbcommit (Chart Function Logs)
2023-07-18 02:50:41 | FastAPI | DEBUG : plot commit (Chart Function Logs)
2023-07-18 02:50:41 | FastAPI | DEBUG : plot kbactive (Chart Function Logs)
2023-07-18 02:50:42 | FastAPI | DEBUG : plot kbinact (Chart Function Logs)
2023-07-18 02:50:42 | FastAPI | DEBUG : plot kbdirty (Chart Function Logs)
2023-07-18 02:50:42 | FastAPI | DEBUG : output dir =/fastapi/application/data/usage (Chart Function Logs)
2023-07-18 02:50:42 | FastAPI | DEBUG : save image =mem_usage_csv_finish.xlsx_20000109_1.png (Chart Function Logs)
2023-07-18 02:50:43 | FastAPI | DEBUG : date update to 20000110 (Chart Function Logs)
2023-07-18 02:50:43 | FastAPI | DEBUG : Split data region start =12959 end = 14398
 (Chart Function Logs)
2023-07-18 02:50:43 | FastAPI | DEBUG : plot kbmemfree (Chart Function Logs)
2023-07-18 02:50:43 | FastAPI | DEBUG : plot kbmemused (Chart Function Logs)
2023-07-18 02:50:43 | FastAPI | DEBUG : plot memused (Chart Function Logs)
2023-07-18 02:50:43 | FastAPI | DEBUG : plot kbbuffers (Chart Function Logs)
2023-07-18 02:50:43 | FastAPI | DEBUG : plot kbcached (Chart Function Logs)
2023-07-18 02:50:43 | FastAPI | DEBUG : plot kbcommit (Chart Function Logs)
2023-07-18 02:50:43 | FastAPI | DEBUG : plot commit (Chart Function Logs)
2023-07-18 02:50:43 | FastAPI | DEBUG : plot kbactive (Chart Function Logs)
2023-07-18 02:50:43 | FastAPI | DEBUG : plot kbinact (Chart Function Logs)
2023-07-18 02:50:43 | FastAPI | DEBUG : plot kbdirty (Chart Function Logs)
2023-07-18 02:50:44 | FastAPI | DEBUG : output dir =/fastapi/application/data/usage (Chart Function Logs)
2023-07-18 02:50:44 | FastAPI | DEBUG : save image =mem_usage_csv_finish.xlsx_20000110_1.png (Chart Function Logs)
2023-07-18 02:50:44 | FastAPI | DEBUG : date update to 20000111 (Chart Function Logs)
2023-07-18 02:50:44 | FastAPI | DEBUG : Split data region start =14399 end = 15837
 (Chart Function Logs)
2023-07-18 02:50:44 | FastAPI | DEBUG : plot kbmemfree (Chart Function Logs)
2023-07-18 02:50:44 | FastAPI | DEBUG : plot kbmemused (Chart Function Logs)
2023-07-18 02:50:44 | FastAPI | DEBUG : plot memused (Chart Function Logs)
2023-07-18 02:50:44 | FastAPI | DEBUG : plot kbbuffers (Chart Function Logs)
2023-07-18 02:50:44 | FastAPI | DEBUG : plot kbcached (Chart Function Logs)
2023-07-18 02:50:44 | FastAPI | DEBUG : plot kbcommit (Chart Function Logs)
2023-07-18 02:50:44 | FastAPI | DEBUG : plot commit (Chart Function Logs)
2023-07-18 02:50:44 | FastAPI | DEBUG : plot kbactive (Chart Function Logs)
2023-07-18 02:50:44 | FastAPI | DEBUG : plot kbinact (Chart Function Logs)
2023-07-18 02:50:44 | FastAPI | DEBUG : plot kbdirty (Chart Function Logs)
2023-07-18 02:50:45 | FastAPI | DEBUG : output dir =/fastapi/application/data/usage (Chart Function Logs)
2023-07-18 02:50:45 | FastAPI | DEBUG : save image =mem_usage_csv_finish.xlsx_20000111_1.png (Chart Function Logs)
2023-07-18 02:50:45 | FastAPI | DEBUG : date update to 20000112 (Chart Function Logs)
2023-07-18 02:51:01 | FastAPI | INFO : ----------------GetChart function------------- (Chart Function Logs)
2023-07-18 02:51:01 | FastAPI | DEBUG : Finding Chart mem_usage_csv_finish.xlsx_20000108_1 (Chart Function Logs)
2023-07-18 02:51:01 | FastAPI | DEBUG : Chart exist, return mem_usage_csv_finish.xlsx_20000108_1 (Chart Function Logs)
2023-07-18 02:51:09 | FastAPI | INFO : ----------------GetChart function------------- (Chart Function Logs)
2023-07-18 02:51:09 | FastAPI | DEBUG : Finding Chart mem_usage_csv_finish.xlsx_20000128_1 (Chart Function Logs)
2023-07-18 02:51:09 | FastAPI | DEBUG : mem_usage_csv_finish.xlsx_20000128_1 does not exist (Chart Function Logs)
2023-07-18 02:56:27 | FastAPI | INFO : ------------Open Web-----------
 (Main Function)
2023-07-18 02:56:38 | FastAPI | INFO : --------------Upload_txt function------------- (File Function Logs)
2023-07-18 02:56:46 | FastAPI | INFO : ---------txt_to_csv_all Function--------- (File Function Logs)
2023-07-18 02:56:46 | FastAPI | DEBUG : 
Open filemem_usage (1).log and readlines  (File Function Logs)
2023-07-18 02:56:46 | FastAPI | DEBUG : Dealing with data (File Function Logs)
2023-07-18 02:56:46 | FastAPI | DEBUG : Complete transfer data to DataFrame (File Function Logs)
2023-07-18 02:56:46 | FastAPI | DEBUG : Saving mem_usage (1).log.csv file (File Function Logs)
2023-07-18 02:56:47 | FastAPI | DEBUG : Saving mem_usage (1).log.xlsx file (File Function Logs)
2023-07-18 02:56:51 | FastAPI | DEBUG : Finish saving files (File Function Logs)
2023-07-18 02:56:51 | FastAPI | DEBUG : mem_usage (1).log moved to /fastapi/application/data/txt/finished/mem_usage (1).log (File Function Logs)
2023-07-18 02:56:51 | FastAPI | DEBUG : 
Open filecpu_usage.log and readlines  (File Function Logs)
2023-07-18 02:56:51 | FastAPI | DEBUG : Dealing with data (File Function Logs)
2023-07-18 02:56:52 | FastAPI | DEBUG : Complete transfer data to DataFrame (File Function Logs)
2023-07-18 02:56:52 | FastAPI | DEBUG : Saving cpu_usage.log.csv file (File Function Logs)
2023-07-18 02:56:52 | FastAPI | DEBUG : Saving cpu_usage.log.xlsx file (File Function Logs)
2023-07-18 02:56:55 | FastAPI | DEBUG : Finish saving files (File Function Logs)
2023-07-18 02:56:55 | FastAPI | DEBUG : cpu_usage.log moved to /fastapi/application/data/txt/finished/cpu_usage.log (File Function Logs)
2023-07-18 02:56:55 | FastAPI | DEBUG : Transfile :['mem_usage (1).log', 'cpu_usage.log'] (File Function Logs)
2023-07-18 02:59:02 | FastAPI | INFO : ------------Open Web-----------
 (Main Function)
2023-07-18 02:59:19 | FastAPI | INFO : --------------Upload_txt function------------- (File Function Logs)
2023-07-18 02:59:23 | FastAPI | INFO : ---------txt_to_csv_all Function--------- (File Function Logs)
2023-07-18 02:59:23 | FastAPI | DEBUG : Open filemem_usage (1).log and readlines  (File Function Logs)
2023-07-18 02:59:23 | FastAPI | DEBUG : Dealing with data (File Function Logs)
2023-07-18 02:59:23 | FastAPI | DEBUG : Complete transfer data to DataFrame (File Function Logs)
2023-07-18 02:59:23 | FastAPI | DEBUG : Saving mem_usage (1).log.csv file (File Function Logs)
2023-07-18 02:59:23 | FastAPI | DEBUG : Saving mem_usage (1).log.xlsx file (File Function Logs)
2023-07-18 02:59:28 | FastAPI | DEBUG : Finish saving files (File Function Logs)
2023-07-18 02:59:28 | FastAPI | DEBUG : mem_usage (1).log moved to /fastapi/application/data/txt/finished/mem_usage (1).log (File Function Logs)
2023-07-18 02:59:28 | FastAPI | DEBUG : ------------------------------- (File Function Logs)
2023-07-18 02:59:28 | FastAPI | DEBUG : Open filecpu_usage.log and readlines  (File Function Logs)
2023-07-18 02:59:28 | FastAPI | DEBUG : Dealing with data (File Function Logs)
2023-07-18 02:59:28 | FastAPI | DEBUG : Complete transfer data to DataFrame (File Function Logs)
2023-07-18 02:59:28 | FastAPI | DEBUG : Saving cpu_usage.log.csv file (File Function Logs)
2023-07-18 02:59:29 | FastAPI | DEBUG : Saving cpu_usage.log.xlsx file (File Function Logs)
2023-07-18 02:59:32 | FastAPI | DEBUG : Finish saving files (File Function Logs)
2023-07-18 02:59:32 | FastAPI | DEBUG : cpu_usage.log moved to /fastapi/application/data/txt/finished/cpu_usage.log (File Function Logs)
2023-07-18 02:59:32 | FastAPI | DEBUG : ------------------------------- (File Function Logs)
2023-07-18 02:59:32 | FastAPI | DEBUG : Transfile :['mem_usage (1).log', 'cpu_usage.log'] (File Function Logs)
2023-07-18 03:01:32 | FastAPI | INFO : ------------Open Web-----------
 (Main Function)
2023-07-18 03:01:46 | FastAPI | INFO : --------------Upload_txt function------------- (File Function Logs)
2023-07-18 03:01:46 | FastAPI | DEBUG : File :<starlette.datastructures.UploadFile object at 0x7f22f3b1ff40> Saved. (File Function Logs)
2023-07-18 03:01:46 | FastAPI | DEBUG : File :<starlette.datastructures.UploadFile object at 0x7f22f3b1fb50> Saved. (File Function Logs)
2023-07-18 03:02:34 | FastAPI | INFO : --------------Upload_txt function------------- (File Function Logs)
2023-07-18 03:02:34 | FastAPI | DEBUG : File :cpu_usage.log Saved. (File Function Logs)
2023-07-18 03:02:34 | FastAPI | DEBUG : File :mem_usage (1).log Saved. (File Function Logs)
